#
# There is insufficient memory for the Java Runtime Environment to continue.
# Native memory allocation (mmap) failed to map 177209344 bytes for committing reserved memory.
# Possible reasons:
#   The system is out of physical RAM or swap space
#   The process is running with CompressedOops enabled, and the Java Heap may be blocking the growth of the native heap
# Possible solutions:
#   Reduce memory load on the system
#   Increase physical memory or swap space
#   Check if swap backing store is full
#   Decrease Java heap size (-Xmx/-Xms)
#   Decrease number of Java threads
#   Decrease Java thread stack sizes (-Xss)
#   Set larger code cache with -XX:ReservedCodeCacheSize=
#   JVM is running with Unscaled Compressed Oops mode in which the Java heap is
#     placed in the first 4GB address space. The Java Heap base address is the
#     maximum limit for the native heap growth. Please use -XX:HeapBaseMinAddress
#     to set the Java Heap base and to place the Java Heap above 4GB virtual address.
# This output file may be truncated or incomplete.
#
#  Out of Memory Error (os_linux.cpp:2877), pid=20740, tid=20749
#
# JRE version: OpenJDK Runtime Environment (11.0.8) (build 11.0.8+0-b944-P17168821)
# Java VM: OpenJDK 64-Bit Server VM (11.0.8+0-b944-6842174, mixed mode, tiered, compressed oops, g1 gc, linux-amd64)
# Core dump will be written. Default location: Core dumps may be processed with "/usr/share/apport/apport %p %s %c %d %P %E" (or dumping to /home/jasna/android_projekti/Aplikacije/MyNewsKotlin/core.20740)
#

---------------  S U M M A R Y ------------

Command Line: org.jetbrains.kotlin.cli.jvm.K2JVMCompiler @/home/jasna/android_projekti/Aplikacije/MyNewsKotlin/app/build/20210526_6684406185166723223.compiler.options

Host: Intel(R) Celeron(R) CPU 1005M @ 1.90GHz, 2 cores, 7G, Ubuntu 18.04.5 LTS
Time: Wed May 26 19:43:51 2021 CEST elapsed time: 34 seconds (0d 0h 0m 34s)

---------------  T H R E A D  ---------------

Current thread (0x00007f72bc134800):  VMThread "VM Thread" [stack: 0x00007f72c05b5000,0x00007f72c06b5000] [id=20749]

Stack: [0x00007f72c05b5000,0x00007f72c06b5000],  sp=0x00007f72c06b2e80,  free space=1015k
Native frames: (J=compiled Java code, A=aot compiled Java code, j=interpreted, Vv=VM code, C=native code)
V  [libjvm.so+0xc4399b]  VMError::report_and_die(int, char const*, char const*, __va_list_tag*, Thread*, unsigned char*, void*, void*, char const*, int, unsigned long)+0x75b
V  [libjvm.so+0xc4403a]  VMError::report_and_die(Thread*, char const*, int, unsigned long, VMErrorType, char const*, __va_list_tag*)+0x3a
V  [libjvm.so+0x5f067a]  report_vm_out_of_memory(char const*, int, unsigned long, VMErrorType, char const*, ...)+0xba
V  [libjvm.so+0xa90d93]  os::Linux::commit_memory_impl(char*, unsigned long, bool)+0xe3
V  [libjvm.so+0xa90f27]  os::pd_commit_memory_or_exit(char*, unsigned long, unsigned long, bool, char const*)+0x27
V  [libjvm.so+0xa8a008]  os::commit_memory_or_exit(char*, unsigned long, unsigned long, bool, char const*)+0x18
V  [libjvm.so+0x6d0095]  G1PageBasedVirtualSpace::commit_internal(unsigned long, unsigned long)+0x195
V  [libjvm.so+0x6d030f]  G1PageBasedVirtualSpace::commit(unsigned long, unsigned long)+0x14f
V  [libjvm.so+0x6d60f2]  G1RegionsLargerThanCommitSizeMapper::commit_regions(unsigned int, unsigned long, WorkGang*)+0x42
V  [libjvm.so+0x73d569]  HeapRegionManager::commit_regions(unsigned int, unsigned long, WorkGang*)+0xb9
V  [libjvm.so+0x73d813]  HeapRegionManager::make_regions_available(unsigned int, unsigned int, WorkGang*)+0x63
V  [libjvm.so+0x73dce4]  HeapRegionManager::expand_at(unsigned int, unsigned int, WorkGang*)+0x114
V  [libjvm.so+0x69a3bf]  G1CollectedHeap::expand(unsigned long, WorkGang*, double*)+0xaf
V  [libjvm.so+0x6a0bd8]  G1CollectedHeap::do_collection_pause_at_safepoint(double)+0xad8
V  [libjvm.so+0xc4c4f1]  VM_G1CollectForAllocation::doit()+0xc1
V  [libjvm.so+0xc45466]  VM_Operation::evaluate()+0xc6
V  [libjvm.so+0xc4b8c7]  VMThread::evaluate_operation(VM_Operation*)+0x117
V  [libjvm.so+0xc4b426]  VMThread::loop()+0x426
V  [libjvm.so+0xc4af0f]  VMThread::run()+0x6f
V  [libjvm.so+0xbe0398]  Thread::call_run()+0x68
V  [libjvm.so+0xa8da0e]  thread_native_entry(Thread*)+0x1ce

VM_Operation (0x00007f72c5b291f0): G1CollectForAllocation, mode: safepoint, requested by thread 0x00007f72bc017000


---------------  P R O C E S S  ---------------

Threads class SMR info:
_java_thread_list=0x00007f72bc1c9910, length=9, elements={
0x00007f72bc017000, 0x00007f72bc13d000, 0x00007f72bc141800, 0x00007f72bc157800,
0x00007f72bc159800, 0x00007f72bc15b800, 0x00007f72bc15d800, 0x00007f72bc1ba000,
0x00007f72bc1c8000
}

Java Threads: ( => current thread )
  0x00007f72bc017000 JavaThread "main" [_thread_blocked, id=20743, stack(0x00007f72c5a2c000,0x00007f72c5b2d000)]
  0x00007f72bc13d000 JavaThread "Reference Handler" daemon [_thread_blocked, id=20750, stack(0x00007f72c04b2000,0x00007f72c05b3000)]
  0x00007f72bc141800 JavaThread "Finalizer" daemon [_thread_blocked, id=20751, stack(0x00007f72c03b1000,0x00007f72c04b2000)]
  0x00007f72bc157800 JavaThread "Signal Dispatcher" daemon [_thread_blocked, id=20752, stack(0x00007f72c02b0000,0x00007f72c03b1000)]
  0x00007f72bc159800 JavaThread "C2 CompilerThread0" daemon [_thread_blocked, id=20753, stack(0x00007f72c01af000,0x00007f72c02b0000)]
  0x00007f72bc15b800 JavaThread "C1 CompilerThread0" daemon [_thread_blocked, id=20754, stack(0x00007f72c00ae000,0x00007f72c01af000)]
  0x00007f72bc15d800 JavaThread "Sweeper thread" daemon [_thread_blocked, id=20755, stack(0x00007f72a9147000,0x00007f72a9248000)]
  0x00007f72bc1ba000 JavaThread "Service Thread" daemon [_thread_blocked, id=20756, stack(0x00007f72a9046000,0x00007f72a9147000)]
  0x00007f72bc1c8000 JavaThread "Common-Cleaner" daemon [_thread_blocked, id=20758, stack(0x00007f72a8e43000,0x00007f72a8f44000)]

Other Threads:
=>0x00007f72bc134800 VMThread "VM Thread" [stack: 0x00007f72c05b5000,0x00007f72c06b5000] [id=20749]
  0x00007f72bc1bc000 WatcherThread [stack: 0x00007f72a8f46000,0x00007f72a9046000] [id=20757]
  0x00007f72bc02e800 GCTaskThread "GC Thread#0" [stack: 0x00007f72c230c000,0x00007f72c240c000] [id=20744]
  0x00007f728c001000 GCTaskThread "GC Thread#1" [stack: 0x00007f72a8518000,0x00007f72a8618000] [id=20759]
  0x00007f72bc05f800 ConcurrentGCThread "G1 Main Marker" [stack: 0x00007f72c149b000,0x00007f72c159b000] [id=20745]
  0x00007f72bc061000 ConcurrentGCThread "G1 Conc#0" [stack: 0x00007f72c1399000,0x00007f72c1499000] [id=20746]
  0x00007f72bc0cf800 ConcurrentGCThread "G1 Refine#0" [stack: 0x00007f72c1095000,0x00007f72c1195000] [id=20747]
  0x00007f72bc0d1000 ConcurrentGCThread "G1 Young RemSet Sampling" [stack: 0x00007f72c0f93000,0x00007f72c1093000] [id=20748]

Threads with active compile tasks:
C2 CompilerThread0  34376 5792       4       org.jetbrains.kotlin.serialization.deserialization.descriptors.DeserializedPackageMemberScope::getContributedClassifier (26 bytes)
C1 CompilerThread0  34379 6050       2       org.jetbrains.kotlin.resolve.calls.inference.components.NewTypeSubstitutor$DefaultImpls::substitute (992 bytes)

VM state:at safepoint (normal execution)

VM Mutex/Monitor currently owned by a thread:  ([mutex/lock_event])
[0x00007f72bc012fc0] Threads_lock - owner thread: 0x00007f72bc134800
[0x00007f72bc0137a0] Heap_lock - owner thread: 0x00007f72bc017000

Heap address: 0x0000000086200000, size: 1950 MB, Compressed Oops mode: 32-bit
Narrow klass base: 0x0000000000000000, Narrow klass shift: 3
Compressed class space size: 1073741824 Address: 0x0000000100000000

Heap:
 garbage-first heap   total 404480K, used 46586K [0x0000000086200000, 0x0000000100000000)
  region size 1024K, 8 young (8192K), 8 survivors (8192K)
 Metaspace       used 58138K, capacity 58885K, committed 59292K, reserved 1101824K
  class space    used 6747K, capacity 7024K, committed 7164K, reserved 1048576K
Heap Regions: E=young(eden), S=young(survivor), O=old, HS=humongous(starts), HC=humongous(continues), CS=collection set, F=free, A=archive, TAMS=top-at-mark-start (previous, next)
|   0|0x0000000086200000, 0x0000000086300000, 0x0000000086300000|100%|HS|  |TAMS 0x0000000086300000, 0x0000000086200000| Complete 
|   1|0x0000000086300000, 0x0000000086400000, 0x0000000086400000|100%|HC|  |TAMS 0x0000000086400000, 0x0000000086300000| Complete 
|   2|0x0000000086400000, 0x0000000086500000, 0x0000000086500000|100%|HC|  |TAMS 0x0000000086500000, 0x0000000086400000| Complete 
|   3|0x0000000086500000, 0x0000000086600000, 0x0000000086600000|100%| O|  |TAMS 0x0000000086600000, 0x0000000086500000| Untracked 
|   4|0x0000000086600000, 0x0000000086700000, 0x0000000086700000|100%| O|  |TAMS 0x0000000086700000, 0x0000000086600000| Untracked 
|   5|0x0000000086700000, 0x0000000086800000, 0x0000000086800000|100%| O|  |TAMS 0x0000000086800000, 0x0000000086700000| Untracked 
|   6|0x0000000086800000, 0x0000000086900000, 0x0000000086900000|100%| O|  |TAMS 0x0000000086900000, 0x0000000086800000| Untracked 
|   7|0x0000000086900000, 0x0000000086a00000, 0x0000000086a00000|100%| O|  |TAMS 0x0000000086a00000, 0x0000000086900000| Untracked 
|   8|0x0000000086a00000, 0x0000000086b00000, 0x0000000086b00000|100%| O|  |TAMS 0x0000000086b00000, 0x0000000086a00000| Untracked 
|   9|0x0000000086b00000, 0x0000000086c00000, 0x0000000086c00000|100%|HS|  |TAMS 0x0000000086c00000, 0x0000000086b00000| Complete 
|  10|0x0000000086c00000, 0x0000000086d00000, 0x0000000086d00000|100%|HC|  |TAMS 0x0000000086d00000, 0x0000000086c00000| Complete 
|  11|0x0000000086d00000, 0x0000000086e00000, 0x0000000086e00000|100%|HC|  |TAMS 0x0000000086e00000, 0x0000000086d00000| Complete 
|  12|0x0000000086e00000, 0x0000000086f00000, 0x0000000086f00000|100%|HS|  |TAMS 0x0000000086f00000, 0x0000000086e00000| Complete 
|  13|0x0000000086f00000, 0x0000000087000000, 0x0000000087000000|100%|HC|  |TAMS 0x0000000087000000, 0x0000000086f00000| Complete 
|  14|0x0000000087000000, 0x0000000087100000, 0x0000000087100000|100%|HC|  |TAMS 0x0000000087100000, 0x0000000087000000| Complete 
|  15|0x0000000087100000, 0x0000000087200000, 0x0000000087200000|100%| O|  |TAMS 0x0000000087200000, 0x0000000087100000| Untracked 
|  16|0x0000000087200000, 0x0000000087300000, 0x0000000087300000|100%| O|  |TAMS 0x0000000087300000, 0x0000000087200000| Untracked 
|  17|0x0000000087300000, 0x0000000087400000, 0x0000000087400000|100%| O|  |TAMS 0x0000000087400000, 0x0000000087300000| Untracked 
|  18|0x0000000087400000, 0x0000000087500000, 0x0000000087500000|100%| O|  |TAMS 0x0000000087500000, 0x0000000087400000| Untracked 
|  19|0x0000000087500000, 0x0000000087600000, 0x0000000087600000|100%| O|  |TAMS 0x0000000087537600, 0x0000000087500000| Untracked 
|  20|0x0000000087600000, 0x0000000087700000, 0x0000000087700000|100%|HS|  |TAMS 0x0000000087600000, 0x0000000087600000| Complete 
|  21|0x0000000087700000, 0x0000000087800000, 0x0000000087800000|100%|HC|  |TAMS 0x0000000087700000, 0x0000000087700000| Complete 
|  22|0x0000000087800000, 0x0000000087900000, 0x0000000087900000|100%| O|  |TAMS 0x0000000087900000, 0x0000000087800000| Untracked 
|  23|0x0000000087900000, 0x0000000087a00000, 0x0000000087a00000|100%| O|  |TAMS 0x0000000087a00000, 0x0000000087900000| Untracked 
|  24|0x0000000087a00000, 0x0000000087b00000, 0x0000000087b00000|100%| O|  |TAMS 0x0000000087b00000, 0x0000000087a00000| Untracked 
|  25|0x0000000087b00000, 0x0000000087c00000, 0x0000000087c00000|100%| O|  |TAMS 0x0000000087b00000, 0x0000000087b00000| Untracked 
|  26|0x0000000087c00000, 0x0000000087d00000, 0x0000000087d00000|100%| O|  |TAMS 0x0000000087c00000, 0x0000000087c00000| Untracked 
|  27|0x0000000087d00000, 0x0000000087e00000, 0x0000000087e00000|100%| O|  |TAMS 0x0000000087d00000, 0x0000000087d00000| Untracked 
|  28|0x0000000087e00000, 0x0000000087f00000, 0x0000000087f00000|100%| O|  |TAMS 0x0000000087e00000, 0x0000000087e00000| Untracked 
|  29|0x0000000087f00000, 0x0000000088000000, 0x0000000088000000|100%| O|  |TAMS 0x0000000087f00000, 0x0000000087f00000| Untracked 
|  30|0x0000000088000000, 0x0000000088100000, 0x0000000088100000|100%| O|  |TAMS 0x0000000088000000, 0x0000000088000000| Untracked 
|  31|0x0000000088100000, 0x0000000088200000, 0x0000000088200000|100%| O|  |TAMS 0x0000000088100000, 0x0000000088100000| Untracked 
|  32|0x0000000088200000, 0x0000000088300000, 0x0000000088300000|100%| O|  |TAMS 0x0000000088200000, 0x0000000088200000| Untracked 
|  33|0x0000000088300000, 0x0000000088400000, 0x0000000088400000|100%| O|  |TAMS 0x0000000088300000, 0x0000000088300000| Untracked 
|  34|0x0000000088400000, 0x0000000088500000, 0x0000000088500000|100%| O|  |TAMS 0x0000000088400000, 0x0000000088400000| Untracked 
|  35|0x0000000088500000, 0x0000000088600000, 0x0000000088600000|100%| O|  |TAMS 0x0000000088500000, 0x0000000088500000| Untracked 
|  36|0x0000000088600000, 0x0000000088700000, 0x0000000088700000|100%| O|  |TAMS 0x0000000088600000, 0x0000000088600000| Untracked 
|  37|0x0000000088700000, 0x000000008877e800, 0x0000000088800000| 49%| O|  |TAMS 0x0000000088700000, 0x0000000088700000| Untracked 
|  38|0x0000000088800000, 0x0000000088800000, 0x0000000088900000|  0%| F|  |TAMS 0x0000000088800000, 0x0000000088800000| Untracked 
|  39|0x0000000088900000, 0x0000000088900000, 0x0000000088a00000|  0%| F|  |TAMS 0x0000000088900000, 0x0000000088900000| Untracked 
|  40|0x0000000088a00000, 0x0000000088a00000, 0x0000000088b00000|  0%| F|  |TAMS 0x0000000088a00000, 0x0000000088a00000| Untracked 
|  41|0x0000000088b00000, 0x0000000088b00000, 0x0000000088c00000|  0%| F|  |TAMS 0x0000000088b00000, 0x0000000088b00000| Untracked 
|  42|0x0000000088c00000, 0x0000000088c00000, 0x0000000088d00000|  0%| F|  |TAMS 0x0000000088c00000, 0x0000000088c00000| Untracked 
|  43|0x0000000088d00000, 0x0000000088d00000, 0x0000000088e00000|  0%| F|  |TAMS 0x0000000088d00000, 0x0000000088d00000| Untracked 
|  44|0x0000000088e00000, 0x0000000088e00000, 0x0000000088f00000|  0%| F|  |TAMS 0x0000000088e00000, 0x0000000088e00000| Untracked 
|  45|0x0000000088f00000, 0x0000000088f00000, 0x0000000089000000|  0%| F|  |TAMS 0x0000000088f00000, 0x0000000088f00000| Untracked 
|  46|0x0000000089000000, 0x0000000089000000, 0x0000000089100000|  0%| F|  |TAMS 0x0000000089000000, 0x0000000089000000| Untracked 
|  47|0x0000000089100000, 0x0000000089100000, 0x0000000089200000|  0%| F|  |TAMS 0x0000000089100000, 0x0000000089100000| Untracked 
|  48|0x0000000089200000, 0x0000000089200000, 0x0000000089300000|  0%| F|  |TAMS 0x0000000089200000, 0x0000000089200000| Untracked 
|  49|0x0000000089300000, 0x0000000089300000, 0x0000000089400000|  0%| F|  |TAMS 0x0000000089300000, 0x0000000089300000| Untracked 
|  50|0x0000000089400000, 0x0000000089400000, 0x0000000089500000|  0%| F|  |TAMS 0x0000000089400000, 0x0000000089400000| Untracked 
|  51|0x0000000089500000, 0x0000000089500000, 0x0000000089600000|  0%| F|  |TAMS 0x0000000089500000, 0x0000000089500000| Untracked 
|  52|0x0000000089600000, 0x0000000089600000, 0x0000000089700000|  0%| F|  |TAMS 0x0000000089600000, 0x0000000089600000| Untracked 
|  53|0x0000000089700000, 0x0000000089700000, 0x0000000089800000|  0%| F|  |TAMS 0x0000000089700000, 0x0000000089700000| Untracked 
|  54|0x0000000089800000, 0x0000000089800000, 0x0000000089900000|  0%| F|  |TAMS 0x0000000089800000, 0x0000000089800000| Untracked 
|  55|0x0000000089900000, 0x0000000089900000, 0x0000000089a00000|  0%| F|  |TAMS 0x0000000089900000, 0x0000000089900000| Untracked 
|  56|0x0000000089a00000, 0x0000000089a00000, 0x0000000089b00000|  0%| F|  |TAMS 0x0000000089a00000, 0x0000000089a00000| Untracked 
|  57|0x0000000089b00000, 0x0000000089b00000, 0x0000000089c00000|  0%| F|  |TAMS 0x0000000089b00000, 0x0000000089b00000| Untracked 
|  58|0x0000000089c00000, 0x0000000089c00000, 0x0000000089d00000|  0%| F|  |TAMS 0x0000000089c00000, 0x0000000089c00000| Untracked 
|  59|0x0000000089d00000, 0x0000000089d00000, 0x0000000089e00000|  0%| F|  |TAMS 0x0000000089d00000, 0x0000000089d00000| Untracked 
|  60|0x0000000089e00000, 0x0000000089e00000, 0x0000000089f00000|  0%| F|  |TAMS 0x0000000089e00000, 0x0000000089e00000| Untracked 
|  61|0x0000000089f00000, 0x0000000089f00000, 0x000000008a000000|  0%| F|  |TAMS 0x0000000089f00000, 0x0000000089f00000| Untracked 
|  62|0x000000008a000000, 0x000000008a000000, 0x000000008a100000|  0%| F|  |TAMS 0x000000008a000000, 0x000000008a000000| Untracked 
|  63|0x000000008a100000, 0x000000008a100000, 0x000000008a200000|  0%| F|  |TAMS 0x000000008a100000, 0x000000008a100000| Untracked 
|  64|0x000000008a200000, 0x000000008a200000, 0x000000008a300000|  0%| F|  |TAMS 0x000000008a200000, 0x000000008a200000| Untracked 
|  65|0x000000008a300000, 0x000000008a300000, 0x000000008a400000|  0%| F|  |TAMS 0x000000008a300000, 0x000000008a300000| Untracked 
|  66|0x000000008a400000, 0x000000008a400000, 0x000000008a500000|  0%| F|  |TAMS 0x000000008a400000, 0x000000008a400000| Untracked 
|  67|0x000000008a500000, 0x000000008a500000, 0x000000008a600000|  0%| F|  |TAMS 0x000000008a500000, 0x000000008a500000| Untracked 
|  68|0x000000008a600000, 0x000000008a600000, 0x000000008a700000|  0%| F|  |TAMS 0x000000008a600000, 0x000000008a600000| Untracked 
|  69|0x000000008a700000, 0x000000008a700000, 0x000000008a800000|  0%| F|  |TAMS 0x000000008a700000, 0x000000008a700000| Untracked 
|  70|0x000000008a800000, 0x000000008a800000, 0x000000008a900000|  0%| F|  |TAMS 0x000000008a800000, 0x000000008a800000| Untracked 
|  71|0x000000008a900000, 0x000000008a900000, 0x000000008aa00000|  0%| F|  |TAMS 0x000000008a900000, 0x000000008a900000| Untracked 
|  72|0x000000008aa00000, 0x000000008aa00000, 0x000000008ab00000|  0%| F|  |TAMS 0x000000008aa00000, 0x000000008aa00000| Untracked 
|  73|0x000000008ab00000, 0x000000008ab00000, 0x000000008ac00000|  0%| F|  |TAMS 0x000000008ab00000, 0x000000008ab00000| Untracked 
|  74|0x000000008ac00000, 0x000000008ac00000, 0x000000008ad00000|  0%| F|  |TAMS 0x000000008ac00000, 0x000000008ac00000| Untracked 
|  75|0x000000008ad00000, 0x000000008ad00000, 0x000000008ae00000|  0%| F|  |TAMS 0x000000008ad00000, 0x000000008ad00000| Untracked 
|  76|0x000000008ae00000, 0x000000008ae00000, 0x000000008af00000|  0%| F|  |TAMS 0x000000008ae00000, 0x000000008ae00000| Untracked 
|  77|0x000000008af00000, 0x000000008af00000, 0x000000008b000000|  0%| F|  |TAMS 0x000000008af00000, 0x000000008af00000| Untracked 
|  78|0x000000008b000000, 0x000000008b000000, 0x000000008b100000|  0%| F|  |TAMS 0x000000008b000000, 0x000000008b000000| Untracked 
|  79|0x000000008b100000, 0x000000008b100000, 0x000000008b200000|  0%| F|  |TAMS 0x000000008b100000, 0x000000008b100000| Untracked 
|  80|0x000000008b200000, 0x000000008b200000, 0x000000008b300000|  0%| F|  |TAMS 0x000000008b200000, 0x000000008b200000| Untracked 
|  81|0x000000008b300000, 0x000000008b300000, 0x000000008b400000|  0%| F|  |TAMS 0x000000008b300000, 0x000000008b300000| Untracked 
|  82|0x000000008b400000, 0x000000008b400000, 0x000000008b500000|  0%| F|  |TAMS 0x000000008b400000, 0x000000008b400000| Untracked 
|  83|0x000000008b500000, 0x000000008b500000, 0x000000008b600000|  0%| F|  |TAMS 0x000000008b500000, 0x000000008b500000| Untracked 
|  84|0x000000008b600000, 0x000000008b600000, 0x000000008b700000|  0%| F|  |TAMS 0x000000008b600000, 0x000000008b600000| Untracked 
|  85|0x000000008b700000, 0x000000008b700000, 0x000000008b800000|  0%| F|  |TAMS 0x000000008b700000, 0x000000008b700000| Untracked 
|  86|0x000000008b800000, 0x000000008b800000, 0x000000008b900000|  0%| F|  |TAMS 0x000000008b800000, 0x000000008b800000| Untracked 
|  87|0x000000008b900000, 0x000000008b900000, 0x000000008ba00000|  0%| F|  |TAMS 0x000000008b900000, 0x000000008b900000| Untracked 
|  88|0x000000008ba00000, 0x000000008ba00000, 0x000000008bb00000|  0%| F|  |TAMS 0x000000008ba00000, 0x000000008ba00000| Untracked 
|  89|0x000000008bb00000, 0x000000008bb00000, 0x000000008bc00000|  0%| F|  |TAMS 0x000000008bb00000, 0x000000008bb00000| Untracked 
|  90|0x000000008bc00000, 0x000000008bc00000, 0x000000008bd00000|  0%| F|  |TAMS 0x000000008bc00000, 0x000000008bc00000| Untracked 
|  91|0x000000008bd00000, 0x000000008bd00000, 0x000000008be00000|  0%| F|  |TAMS 0x000000008bd00000, 0x000000008bd00000| Untracked 
|  92|0x000000008be00000, 0x000000008be00000, 0x000000008bf00000|  0%| F|  |TAMS 0x000000008be00000, 0x000000008be00000| Untracked 
|  93|0x000000008bf00000, 0x000000008bf00000, 0x000000008c000000|  0%| F|  |TAMS 0x000000008bf00000, 0x000000008bf00000| Untracked 
|  94|0x000000008c000000, 0x000000008c000000, 0x000000008c100000|  0%| F|  |TAMS 0x000000008c000000, 0x000000008c000000| Untracked 
|  95|0x000000008c100000, 0x000000008c100000, 0x000000008c200000|  0%| F|  |TAMS 0x000000008c100000, 0x000000008c100000| Untracked 
|  96|0x000000008c200000, 0x000000008c200000, 0x000000008c300000|  0%| F|  |TAMS 0x000000008c200000, 0x000000008c200000| Untracked 
|  97|0x000000008c300000, 0x000000008c300000, 0x000000008c400000|  0%| F|  |TAMS 0x000000008c300000, 0x000000008c300000| Untracked 
|  98|0x000000008c400000, 0x000000008c400000, 0x000000008c500000|  0%| F|  |TAMS 0x000000008c400000, 0x000000008c400000| Untracked 
|  99|0x000000008c500000, 0x000000008c500000, 0x000000008c600000|  0%| F|  |TAMS 0x000000008c500000, 0x000000008c500000| Untracked 
| 100|0x000000008c600000, 0x000000008c600000, 0x000000008c700000|  0%| F|  |TAMS 0x000000008c600000, 0x000000008c600000| Untracked 
| 101|0x000000008c700000, 0x000000008c700000, 0x000000008c800000|  0%| F|  |TAMS 0x000000008c700000, 0x000000008c700000| Untracked 
| 102|0x000000008c800000, 0x000000008c800000, 0x000000008c900000|  0%| F|  |TAMS 0x000000008c800000, 0x000000008c800000| Untracked 
| 103|0x000000008c900000, 0x000000008c900000, 0x000000008ca00000|  0%| F|  |TAMS 0x000000008c900000, 0x000000008c900000| Untracked 
| 104|0x000000008ca00000, 0x000000008ca00000, 0x000000008cb00000|  0%| F|  |TAMS 0x000000008ca00000, 0x000000008ca00000| Untracked 
| 105|0x000000008cb00000, 0x000000008cb00000, 0x000000008cc00000|  0%| F|  |TAMS 0x000000008cb00000, 0x000000008cb00000| Untracked 
| 106|0x000000008cc00000, 0x000000008cc00000, 0x000000008cd00000|  0%| F|  |TAMS 0x000000008cc00000, 0x000000008cc00000| Untracked 
| 107|0x000000008cd00000, 0x000000008cd00000, 0x000000008ce00000|  0%| F|  |TAMS 0x000000008cd00000, 0x000000008cd00000| Untracked 
| 108|0x000000008ce00000, 0x000000008ce00000, 0x000000008cf00000|  0%| F|  |TAMS 0x000000008ce00000, 0x000000008ce00000| Untracked 
| 109|0x000000008cf00000, 0x000000008cf00000, 0x000000008d000000|  0%| F|  |TAMS 0x000000008cf00000, 0x000000008cf00000| Untracked 
| 110|0x000000008d000000, 0x000000008d000000, 0x000000008d100000|  0%| F|  |TAMS 0x000000008d000000, 0x000000008d000000| Untracked 
| 111|0x000000008d100000, 0x000000008d100000, 0x000000008d200000|  0%| F|  |TAMS 0x000000008d100000, 0x000000008d100000| Untracked 
| 112|0x000000008d200000, 0x000000008d200000, 0x000000008d300000|  0%| F|  |TAMS 0x000000008d200000, 0x000000008d200000| Untracked 
| 113|0x000000008d300000, 0x000000008d300000, 0x000000008d400000|  0%| F|  |TAMS 0x000000008d300000, 0x000000008d300000| Untracked 
| 114|0x000000008d400000, 0x000000008d400000, 0x000000008d500000|  0%| F|  |TAMS 0x000000008d400000, 0x000000008d400000| Untracked 
| 115|0x000000008d500000, 0x000000008d500000, 0x000000008d600000|  0%| F|  |TAMS 0x000000008d500000, 0x000000008d500000| Untracked 
| 116|0x000000008d600000, 0x000000008d600000, 0x000000008d700000|  0%| F|  |TAMS 0x000000008d600000, 0x000000008d600000| Untracked 
| 117|0x000000008d700000, 0x000000008d700000, 0x000000008d800000|  0%| F|  |TAMS 0x000000008d700000, 0x000000008d700000| Untracked 
| 118|0x000000008d800000, 0x000000008d800000, 0x000000008d900000|  0%| F|  |TAMS 0x000000008d800000, 0x000000008d800000| Untracked 
| 119|0x000000008d900000, 0x000000008d900000, 0x000000008da00000|  0%| F|  |TAMS 0x000000008d900000, 0x000000008d900000| Untracked 
| 120|0x000000008da00000, 0x000000008da00000, 0x000000008db00000|  0%| F|  |TAMS 0x000000008da00000, 0x000000008da00000| Untracked 
| 121|0x000000008db00000, 0x000000008db00000, 0x000000008dc00000|  0%| F|  |TAMS 0x000000008db00000, 0x000000008db00000| Untracked 
| 122|0x000000008dc00000, 0x000000008dc00000, 0x000000008dd00000|  0%| F|  |TAMS 0x000000008dc00000, 0x000000008dc00000| Untracked 
| 123|0x000000008dd00000, 0x000000008dd00000, 0x000000008de00000|  0%| F|  |TAMS 0x000000008dd00000, 0x000000008dd00000| Untracked 
| 124|0x000000008de00000, 0x000000008de00000, 0x000000008df00000|  0%| F|  |TAMS 0x000000008de00000, 0x000000008de00000| Untracked 
| 125|0x000000008df00000, 0x000000008df00000, 0x000000008e000000|  0%| F|  |TAMS 0x000000008df00000, 0x000000008df00000| Untracked 
| 126|0x000000008e000000, 0x000000008e000000, 0x000000008e100000|  0%| F|  |TAMS 0x000000008e000000, 0x000000008e000000| Untracked 
| 127|0x000000008e100000, 0x000000008e100000, 0x000000008e200000|  0%| F|  |TAMS 0x000000008e100000, 0x000000008e100000| Untracked 
| 128|0x000000008e200000, 0x000000008e200000, 0x000000008e300000|  0%| F|  |TAMS 0x000000008e200000, 0x000000008e200000| Untracked 
| 129|0x000000008e300000, 0x000000008e300000, 0x000000008e400000|  0%| F|  |TAMS 0x000000008e300000, 0x000000008e300000| Untracked 
| 130|0x000000008e400000, 0x000000008e400000, 0x000000008e500000|  0%| F|  |TAMS 0x000000008e400000, 0x000000008e400000| Untracked 
| 131|0x000000008e500000, 0x000000008e500000, 0x000000008e600000|  0%| F|  |TAMS 0x000000008e500000, 0x000000008e500000| Untracked 
| 132|0x000000008e600000, 0x000000008e600000, 0x000000008e700000|  0%| F|  |TAMS 0x000000008e600000, 0x000000008e600000| Untracked 
| 133|0x000000008e700000, 0x000000008e700000, 0x000000008e800000|  0%| F|  |TAMS 0x000000008e700000, 0x000000008e700000| Untracked 
| 134|0x000000008e800000, 0x000000008e800000, 0x000000008e900000|  0%| F|  |TAMS 0x000000008e800000, 0x000000008e800000| Untracked 
| 135|0x000000008e900000, 0x000000008e900000, 0x000000008ea00000|  0%| F|  |TAMS 0x000000008e900000, 0x000000008e900000| Untracked 
| 136|0x000000008ea00000, 0x000000008ea00000, 0x000000008eb00000|  0%| F|  |TAMS 0x000000008ea00000, 0x000000008ea00000| Untracked 
| 137|0x000000008eb00000, 0x000000008eb00000, 0x000000008ec00000|  0%| F|  |TAMS 0x000000008eb00000, 0x000000008eb00000| Untracked 
| 138|0x000000008ec00000, 0x000000008ec00000, 0x000000008ed00000|  0%| F|  |TAMS 0x000000008ec00000, 0x000000008ec00000| Untracked 
| 139|0x000000008ed00000, 0x000000008ed00000, 0x000000008ee00000|  0%| F|  |TAMS 0x000000008ed00000, 0x000000008ed00000| Untracked 
| 140|0x000000008ee00000, 0x000000008ee00000, 0x000000008ef00000|  0%| F|  |TAMS 0x000000008ee00000, 0x000000008ee00000| Untracked 
| 141|0x000000008ef00000, 0x000000008ef00000, 0x000000008f000000|  0%| F|  |TAMS 0x000000008ef00000, 0x000000008ef00000| Untracked 
| 142|0x000000008f000000, 0x000000008f000000, 0x000000008f100000|  0%| F|  |TAMS 0x000000008f000000, 0x000000008f000000| Untracked 
| 143|0x000000008f100000, 0x000000008f100000, 0x000000008f200000|  0%| F|  |TAMS 0x000000008f100000, 0x000000008f100000| Untracked 
| 144|0x000000008f200000, 0x000000008f200000, 0x000000008f300000|  0%| F|  |TAMS 0x000000008f200000, 0x000000008f200000| Untracked 
| 145|0x000000008f300000, 0x000000008f300000, 0x000000008f400000|  0%| F|  |TAMS 0x000000008f300000, 0x000000008f300000| Untracked 
| 146|0x000000008f400000, 0x000000008f400000, 0x000000008f500000|  0%| F|  |TAMS 0x000000008f400000, 0x000000008f400000| Untracked 
| 147|0x000000008f500000, 0x000000008f500000, 0x000000008f600000|  0%| F|  |TAMS 0x000000008f500000, 0x000000008f500000| Untracked 
| 148|0x000000008f600000, 0x000000008f600000, 0x000000008f700000|  0%| F|  |TAMS 0x000000008f600000, 0x000000008f600000| Untracked 
| 149|0x000000008f700000, 0x000000008f700000, 0x000000008f800000|  0%| F|  |TAMS 0x000000008f700000, 0x000000008f700000| Untracked 
| 150|0x000000008f800000, 0x000000008f800000, 0x000000008f900000|  0%| F|  |TAMS 0x000000008f800000, 0x000000008f800000| Untracked 
| 151|0x000000008f900000, 0x000000008f900000, 0x000000008fa00000|  0%| F|  |TAMS 0x000000008f900000, 0x000000008f900000| Untracked 
| 152|0x000000008fa00000, 0x000000008fa00000, 0x000000008fb00000|  0%| F|  |TAMS 0x000000008fa00000, 0x000000008fa00000| Untracked 
| 153|0x000000008fb00000, 0x000000008fb00000, 0x000000008fc00000|  0%| F|  |TAMS 0x000000008fb00000, 0x000000008fb00000| Untracked 
| 154|0x000000008fc00000, 0x000000008fc00000, 0x000000008fd00000|  0%| F|  |TAMS 0x000000008fc00000, 0x000000008fc00000| Untracked 
| 155|0x000000008fd00000, 0x000000008fe00000, 0x000000008fe00000|100%| S|CS|TAMS 0x000000008fd00000, 0x000000008fd00000| Complete 
| 156|0x000000008fe00000, 0x000000008ff00000, 0x000000008ff00000|100%| S|CS|TAMS 0x000000008fe00000, 0x000000008fe00000| Complete 
| 157|0x000000008ff00000, 0x0000000090000000, 0x0000000090000000|100%| S|CS|TAMS 0x000000008ff00000, 0x000000008ff00000| Complete 
| 158|0x0000000090000000, 0x0000000090100000, 0x0000000090100000|100%| S|CS|TAMS 0x0000000090000000, 0x0000000090000000| Complete 
| 159|0x0000000090100000, 0x0000000090200000, 0x0000000090200000|100%| S|CS|TAMS 0x0000000090100000, 0x0000000090100000| Complete 
| 160|0x0000000090200000, 0x0000000090300000, 0x0000000090300000|100%| S|CS|TAMS 0x0000000090200000, 0x0000000090200000| Complete 
| 161|0x0000000090300000, 0x0000000090300000, 0x0000000090400000|  0%| F|  |TAMS 0x0000000090300000, 0x0000000090300000| Untracked 
| 162|0x0000000090400000, 0x0000000090400000, 0x0000000090500000|  0%| F|  |TAMS 0x0000000090400000, 0x0000000090400000| Untracked 
| 163|0x0000000090500000, 0x0000000090500000, 0x0000000090600000|  0%| F|  |TAMS 0x0000000090500000, 0x0000000090500000| Untracked 
| 164|0x0000000090600000, 0x0000000090600000, 0x0000000090700000|  0%| F|  |TAMS 0x0000000090600000, 0x0000000090600000| Untracked 
| 165|0x0000000090700000, 0x0000000090700000, 0x0000000090800000|  0%| F|  |TAMS 0x0000000090700000, 0x0000000090700000| Untracked 
| 166|0x0000000090800000, 0x0000000090800000, 0x0000000090900000|  0%| F|  |TAMS 0x0000000090800000, 0x0000000090800000| Untracked 
| 167|0x0000000090900000, 0x0000000090900000, 0x0000000090a00000|  0%| F|  |TAMS 0x0000000090900000, 0x0000000090900000| Untracked 
| 168|0x0000000090a00000, 0x0000000090a00000, 0x0000000090b00000|  0%| F|  |TAMS 0x0000000090a00000, 0x0000000090a00000| Untracked 
| 169|0x0000000090b00000, 0x0000000090c00000, 0x0000000090c00000|100%| S|CS|TAMS 0x0000000090b00000, 0x0000000090b00000| Complete 
| 170|0x0000000090c00000, 0x0000000090d00000, 0x0000000090d00000|100%| S|CS|TAMS 0x0000000090c00000, 0x0000000090c00000| Complete 
| 171|0x0000000090d00000, 0x0000000090d00000, 0x0000000090e00000|  0%| F|  |TAMS 0x0000000090d00000, 0x0000000090d00000| Untracked 
| 172|0x0000000090e00000, 0x0000000090e00000, 0x0000000090f00000|  0%| F|  |TAMS 0x0000000090e00000, 0x0000000090e00000| Untracked 
| 173|0x0000000090f00000, 0x0000000090f00000, 0x0000000091000000|  0%| F|  |TAMS 0x0000000090f00000, 0x0000000090f00000| Untracked 
| 174|0x0000000091000000, 0x0000000091000000, 0x0000000091100000|  0%| F|  |TAMS 0x0000000091000000, 0x0000000091000000| Untracked 
| 175|0x0000000091100000, 0x0000000091100000, 0x0000000091200000|  0%| F|  |TAMS 0x0000000091100000, 0x0000000091100000| Untracked 
| 176|0x0000000091200000, 0x0000000091200000, 0x0000000091300000|  0%| F|  |TAMS 0x0000000091200000, 0x0000000091200000| Untracked 
| 177|0x0000000091300000, 0x0000000091300000, 0x0000000091400000|  0%| F|  |TAMS 0x0000000091300000, 0x0000000091300000| Untracked 
| 178|0x0000000091400000, 0x0000000091400000, 0x0000000091500000|  0%| F|  |TAMS 0x0000000091400000, 0x0000000091400000| Untracked 
| 179|0x0000000091500000, 0x0000000091500000, 0x0000000091600000|  0%| F|  |TAMS 0x0000000091500000, 0x0000000091500000| Untracked 
| 180|0x0000000091600000, 0x0000000091600000, 0x0000000091700000|  0%| F|  |TAMS 0x0000000091600000, 0x0000000091600000| Untracked 
| 181|0x0000000091700000, 0x0000000091700000, 0x0000000091800000|  0%| F|  |TAMS 0x0000000091700000, 0x0000000091700000| Untracked 
| 182|0x0000000091800000, 0x0000000091800000, 0x0000000091900000|  0%| F|  |TAMS 0x0000000091800000, 0x0000000091800000| Untracked 
| 183|0x0000000091900000, 0x0000000091900000, 0x0000000091a00000|  0%| F|  |TAMS 0x0000000091900000, 0x0000000091900000| Untracked 
| 184|0x0000000091a00000, 0x0000000091a00000, 0x0000000091b00000|  0%| F|  |TAMS 0x0000000091a00000, 0x0000000091a00000| Untracked 
| 185|0x0000000091b00000, 0x0000000091b00000, 0x0000000091c00000|  0%| F|  |TAMS 0x0000000091b00000, 0x0000000091b00000| Untracked 
| 186|0x0000000091c00000, 0x0000000091c00000, 0x0000000091d00000|  0%| F|  |TAMS 0x0000000091c00000, 0x0000000091c00000| Untracked 
| 187|0x0000000091d00000, 0x0000000091d00000, 0x0000000091e00000|  0%| F|  |TAMS 0x0000000091d00000, 0x0000000091d00000| Untracked 
| 188|0x0000000091e00000, 0x0000000091e00000, 0x0000000091f00000|  0%| F|  |TAMS 0x0000000091e00000, 0x0000000091e00000| Untracked 
| 189|0x0000000091f00000, 0x0000000091f00000, 0x0000000092000000|  0%| F|  |TAMS 0x0000000091f00000, 0x0000000091f00000| Untracked 
| 190|0x0000000092000000, 0x0000000092000000, 0x0000000092100000|  0%| F|  |TAMS 0x0000000092000000, 0x0000000092000000| Untracked 
| 191|0x0000000092100000, 0x0000000092100000, 0x0000000092200000|  0%| F|  |TAMS 0x0000000092100000, 0x0000000092100000| Untracked 
| 192|0x0000000092200000, 0x0000000092200000, 0x0000000092300000|  0%| F|  |TAMS 0x0000000092200000, 0x0000000092200000| Untracked 
| 193|0x0000000092300000, 0x0000000092300000, 0x0000000092400000|  0%| F|  |TAMS 0x0000000092300000, 0x0000000092300000| Untracked 
| 194|0x0000000092400000, 0x0000000092400000, 0x0000000092500000|  0%| F|  |TAMS 0x0000000092400000, 0x0000000092400000| Untracked 
| 195|0x0000000092500000, 0x0000000092500000, 0x0000000092600000|  0%| F|  |TAMS 0x0000000092500000, 0x0000000092500000| Untracked 
| 196|0x0000000092600000, 0x0000000092600000, 0x0000000092700000|  0%| F|  |TAMS 0x0000000092600000, 0x0000000092600000| Untracked 
| 197|0x0000000092700000, 0x0000000092700000, 0x0000000092800000|  0%| F|  |TAMS 0x0000000092700000, 0x0000000092700000| Untracked 
| 198|0x0000000092800000, 0x0000000092800000, 0x0000000092900000|  0%| F|  |TAMS 0x0000000092800000, 0x0000000092800000| Untracked 
| 199|0x0000000092900000, 0x0000000092900000, 0x0000000092a00000|  0%| F|  |TAMS 0x0000000092900000, 0x0000000092900000| Untracked 
| 200|0x0000000092a00000, 0x0000000092a00000, 0x0000000092b00000|  0%| F|  |TAMS 0x0000000092a00000, 0x0000000092a00000| Untracked 
| 201|0x0000000092b00000, 0x0000000092b00000, 0x0000000092c00000|  0%| F|  |TAMS 0x0000000092b00000, 0x0000000092b00000| Untracked 
| 202|0x0000000092c00000, 0x0000000092c00000, 0x0000000092d00000|  0%| F|  |TAMS 0x0000000092c00000, 0x0000000092c00000| Untracked 
| 203|0x0000000092d00000, 0x0000000092d00000, 0x0000000092e00000|  0%| F|  |TAMS 0x0000000092d00000, 0x0000000092d00000| Untracked 
| 204|0x0000000092e00000, 0x0000000092e00000, 0x0000000092f00000|  0%| F|  |TAMS 0x0000000092e00000, 0x0000000092e00000| Untracked 
| 205|0x0000000092f00000, 0x0000000092f00000, 0x0000000093000000|  0%| F|  |TAMS 0x0000000092f00000, 0x0000000092f00000| Untracked 
| 206|0x0000000093000000, 0x0000000093000000, 0x0000000093100000|  0%| F|  |TAMS 0x0000000093000000, 0x0000000093000000| Untracked 
| 207|0x0000000093100000, 0x0000000093100000, 0x0000000093200000|  0%| F|  |TAMS 0x0000000093100000, 0x0000000093100000| Untracked 
| 208|0x0000000093200000, 0x0000000093200000, 0x0000000093300000|  0%| F|  |TAMS 0x0000000093200000, 0x0000000093200000| Untracked 
| 209|0x0000000093300000, 0x0000000093300000, 0x0000000093400000|  0%| F|  |TAMS 0x0000000093300000, 0x0000000093300000| Untracked 
| 210|0x0000000093400000, 0x0000000093400000, 0x0000000093500000|  0%| F|  |TAMS 0x0000000093400000, 0x0000000093400000| Untracked 
| 211|0x0000000093500000, 0x0000000093500000, 0x0000000093600000|  0%| F|  |TAMS 0x0000000093500000, 0x0000000093500000| Untracked 
| 212|0x0000000093600000, 0x0000000093600000, 0x0000000093700000|  0%| F|  |TAMS 0x0000000093600000, 0x0000000093600000| Untracked 
| 213|0x0000000093700000, 0x0000000093700000, 0x0000000093800000|  0%| F|  |TAMS 0x0000000093700000, 0x0000000093700000| Untracked 
| 214|0x0000000093800000, 0x0000000093800000, 0x0000000093900000|  0%| F|  |TAMS 0x0000000093800000, 0x0000000093800000| Untracked 
| 215|0x0000000093900000, 0x0000000093900000, 0x0000000093a00000|  0%| F|  |TAMS 0x0000000093900000, 0x0000000093900000| Untracked 
| 216|0x0000000093a00000, 0x0000000093a00000, 0x0000000093b00000|  0%| F|  |TAMS 0x0000000093a00000, 0x0000000093a00000| Untracked 
| 217|0x0000000093b00000, 0x0000000093b00000, 0x0000000093c00000|  0%| F|  |TAMS 0x0000000093b00000, 0x0000000093b00000| Untracked 
| 218|0x0000000093c00000, 0x0000000093c00000, 0x0000000093d00000|  0%| F|  |TAMS 0x0000000093c00000, 0x0000000093c00000| Untracked 
| 219|0x0000000093d00000, 0x0000000093d00000, 0x0000000093e00000|  0%| F|  |TAMS 0x0000000093d00000, 0x0000000093d00000| Untracked 
| 220|0x0000000093e00000, 0x0000000093e00000, 0x0000000093f00000|  0%| F|  |TAMS 0x0000000093e00000, 0x0000000093e00000| Untracked 
| 221|0x0000000093f00000, 0x0000000093f00000, 0x0000000094000000|  0%| F|  |TAMS 0x0000000093f00000, 0x0000000093f00000| Untracked 
| 222|0x0000000094000000, 0x0000000094000000, 0x0000000094100000|  0%| F|  |TAMS 0x0000000094000000, 0x0000000094000000| Untracked 
| 223|0x0000000094100000, 0x0000000094100000, 0x0000000094200000|  0%| F|  |TAMS 0x0000000094100000, 0x0000000094100000| Untracked 
| 224|0x0000000094200000, 0x0000000094200000, 0x0000000094300000|  0%| F|  |TAMS 0x0000000094200000, 0x0000000094200000| Untracked 
| 225|0x0000000094300000, 0x0000000094300000, 0x0000000094400000|  0%| F|  |TAMS 0x0000000094300000, 0x0000000094300000| Untracked 

Card table byte_map: [0x00007f72c196a000,0x00007f72c1d39000] _byte_map_base: 0x00007f72c1539000

Marking Bits (Prev, Next): (CMBitMap*) 0x00007f72bc056c18, (CMBitMap*) 0x00007f72bc056c50
 Prev Bits: [0x00007f72a2188000, 0x00007f72a4000000)
 Next Bits: [0x00007f72a0310000, 0x00007f72a2188000)

Polling page: 0x00007f72c5b47000

Metaspace:

Usage:
  Non-class:     50,65 MB capacity,    50,19 MB (>99%) used,   374,48 KB ( <1%) free+waste,    95,25 KB ( <1%) overhead. 
      Class:      6,86 MB capacity,     6,59 MB ( 96%) used,   234,27 KB (  3%) free+waste,    42,06 KB ( <1%) overhead. 
       Both:     57,50 MB capacity,    56,78 MB ( 99%) used,   608,76 KB (  1%) free+waste,   137,31 KB ( <1%) overhead. 

Virtual space:
  Non-class space:       52,00 MB reserved,      50,91 MB ( 98%) committed 
      Class space:        1,00 GB reserved,       7,00 MB ( <1%) committed 
             Both:        1,05 GB reserved,      57,90 MB (  5%) committed 

Chunk freelists:
   Non-Class:  267,00 KB
       Class:  16,00 KB
        Both:  283,00 KB

MaxMetaspaceSize: unlimited
CompressedClassSpaceSize: 1,00 GB

CodeHeap 'non-profiled nmethods': size=120036Kb used=2118Kb max_used=2118Kb free=117917Kb
 bounds [0x00007f72b116f000, 0x00007f72b13df000, 0x00007f72b86a8000]
CodeHeap 'profiled nmethods': size=120032Kb used=13058Kb max_used=13058Kb free=106973Kb
 bounds [0x00007f72a9c37000, 0x00007f72aa907000, 0x00007f72b116f000]
CodeHeap 'non-nmethods': size=5692Kb used=1168Kb max_used=1210Kb free=4523Kb
 bounds [0x00007f72a96a8000, 0x00007f72a9918000, 0x00007f72a9c37000]
 total_blobs=6451 nmethods=5894 adapters=469
 compilation: enabled
              stopped_count=0, restarted_count=0
 full_count=0

Compilation events (20 events):
Event: 33,912 Thread 0x00007f72bc15b800 nmethod 6035 0x00007f72aa8ed110 code [0x00007f72aa8ed360, 0x00007f72aa8ed800]
Event: 33,922 Thread 0x00007f72bc15b800 6036       2       org.jetbrains.kotlin.types.checker.ClassicTypeCheckerContext::asDefinitelyNotNullType (6 bytes)
Event: 33,922 Thread 0x00007f72bc15b800 nmethod 6036 0x00007f72aa8eda90 code [0x00007f72aa8edc40, 0x00007f72aa8edd40]
Event: 33,944 Thread 0x00007f72bc15b800 6037       2       org.jetbrains.kotlin.types.checker.ClassicTypeSystemContext$DefaultImpls::isStubType (92 bytes)
Event: 33,980 Thread 0x00007f72bc15b800 nmethod 6037 0x00007f72aa8ede10 code [0x00007f72aa8ee100, 0x00007f72aa8ee990]
Event: 33,980 Thread 0x00007f72bc15b800 6039       2       org.jetbrains.kotlin.resolve.calls.components.ClassicTypeSystemContextForCS::asSimpleType (9 bytes)
Event: 33,980 Thread 0x00007f72bc15b800 nmethod 6039 0x00007f72aa8eef10 code [0x00007f72aa8ef0c0, 0x00007f72aa8ef1c0]
Event: 33,980 Thread 0x00007f72bc15b800 6038       2       org.jetbrains.kotlin.types.checker.ClassicTypeCheckerContext::prepareType (65 bytes)
Event: 33,981 Thread 0x00007f72bc15b800 nmethod 6038 0x00007f72aa8ef290 code [0x00007f72aa8ef4c0, 0x00007f72aa8ef8f0]
Event: 34,035 Thread 0x00007f72bc15b800 6040       2       org.jetbrains.kotlin.types.TypeSubstitutor::substituteTypeArguments (208 bytes)
Event: 34,045 Thread 0x00007f72bc15b800 nmethod 6040 0x00007f72aa8efb90 code [0x00007f72aa8efe60, 0x00007f72aa8f0900]
Event: 34,045 Thread 0x00007f72bc15b800 6041       2       org.jetbrains.kotlin.types.TypeSubstitutionKt::replace$default (41 bytes)
Event: 34,046 Thread 0x00007f72bc15b800 nmethod 6041 0x00007f72aa8f1010 code [0x00007f72aa8f11e0, 0x00007f72aa8f13a0]
Event: 34,047 Thread 0x00007f72bc15b800 6042       2       org.jetbrains.kotlin.types.checker.NewKotlinTypeCheckerImpl::transformToNewType (775 bytes)
Event: 34,070 Thread 0x00007f72bc15b800 nmethod 6042 0x00007f72aa8f1490 code [0x00007f72aa8f1c40, 0x00007f72aa8f42f0]
Event: 34,070 Thread 0x00007f72bc15b800 6044       2       org.jetbrains.kotlin.types.checker.ClassicTypeSystemContext$DefaultImpls::isError (95 bytes)
Event: 34,084 Thread 0x00007f72bc15b800 nmethod 6044 0x00007f72aa8f6490 code [0x00007f72aa8f6780, 0x00007f72aa8f7020]
Event: 34,084 Thread 0x00007f72bc15b800 6049       2       org.jetbrains.kotlin.psi.KtStubbedPsiUtil::getStubOrPsiChild (47 bytes)
Event: 34,085 Thread 0x00007f72bc15b800 nmethod 6049 0x00007f72aa8f7610 code [0x00007f72aa8f7800, 0x00007f72aa8f7a30]
Event: 34,085 Thread 0x00007f72bc15b800 6050       2       org.jetbrains.kotlin.resolve.calls.inference.components.NewTypeSubstitutor$DefaultImpls::substitute (992 bytes)

GC Heap History (20 events):
Event: 2,227 GC heap after
{Heap after GC invocations=7 (full 0):
 garbage-first heap   total 150528K, used 9209K [0x0000000086200000, 0x0000000100000000)
  region size 1024K, 1 young (1024K), 1 survivors (1024K)
 Metaspace       used 18052K, capacity 18267K, committed 18432K, reserved 1064960K
  class space    used 1863K, capacity 1934K, committed 2048K, reserved 1048576K
}
Event: 2,528 GC heap before
{Heap before GC invocations=7 (full 0):
 garbage-first heap   total 150528K, used 19449K [0x0000000086200000, 0x0000000100000000)
  region size 1024K, 11 young (11264K), 1 survivors (1024K)
 Metaspace       used 20641K, capacity 20892K, committed 20992K, reserved 1069056K
  class space    used 2187K, capacity 2259K, committed 2304K, reserved 1048576K
}
Event: 2,532 GC heap after
{Heap after GC invocations=8 (full 0):
 garbage-first heap   total 150528K, used 9586K [0x0000000086200000, 0x0000000100000000)
  region size 1024K, 2 young (2048K), 2 survivors (2048K)
 Metaspace       used 20641K, capacity 20892K, committed 20992K, reserved 1069056K
  class space    used 2187K, capacity 2259K, committed 2304K, reserved 1048576K
}
Event: 2,568 GC heap before
{Heap before GC invocations=8 (full 0):
 garbage-first heap   total 150528K, used 9586K [0x0000000086200000, 0x0000000100000000)
  region size 1024K, 3 young (3072K), 2 survivors (2048K)
 Metaspace       used 20974K, capacity 21185K, committed 21248K, reserved 1069056K
  class space    used 2235K, capacity 2293K, committed 2304K, reserved 1048576K
}
Event: 2,573 GC heap after
{Heap after GC invocations=9 (full 0):
 garbage-first heap   total 183296K, used 9689K [0x0000000086200000, 0x0000000100000000)
  region size 1024K, 1 young (1024K), 1 survivors (1024K)
 Metaspace       used 20974K, capacity 21185K, committed 21248K, reserved 1069056K
  class space    used 2235K, capacity 2293K, committed 2304K, reserved 1048576K
}
Event: 3,084 GC heap before
{Heap before GC invocations=10 (full 0):
 garbage-first heap   total 183296K, used 30169K [0x0000000086200000, 0x0000000100000000)
  region size 1024K, 15 young (15360K), 1 survivors (1024K)
 Metaspace       used 24376K, capacity 24789K, committed 25084K, reserved 1071104K
  class space    used 2578K, capacity 2709K, committed 2812K, reserved 1048576K
}
Event: 3,089 GC heap after
{Heap after GC invocations=11 (full 0):
 garbage-first heap   total 183296K, used 17133K [0x0000000086200000, 0x0000000100000000)
  region size 1024K, 2 young (2048K), 2 survivors (2048K)
 Metaspace       used 24376K, capacity 24789K, committed 25084K, reserved 1071104K
  class space    used 2578K, capacity 2709K, committed 2812K, reserved 1048576K
}
Event: 4,002 GC heap before
{Heap before GC invocations=11 (full 0):
 garbage-first heap   total 183296K, used 36589K [0x0000000086200000, 0x0000000100000000)
  region size 1024K, 21 young (21504K), 2 survivors (2048K)
 Metaspace       used 29605K, capacity 30043K, committed 30460K, reserved 1075200K
  class space    used 3511K, capacity 3703K, committed 3836K, reserved 1048576K
}
Event: 4,020 GC heap after
{Heap after GC invocations=12 (full 0):
 garbage-first heap   total 183296K, used 18806K [0x0000000086200000, 0x0000000100000000)
  region size 1024K, 3 young (3072K), 3 survivors (3072K)
 Metaspace       used 29605K, capacity 30043K, committed 30460K, reserved 1075200K
  class space    used 3511K, capacity 3703K, committed 3836K, reserved 1048576K
}
Event: 4,900 GC heap before
{Heap before GC invocations=12 (full 0):
 garbage-first heap   total 183296K, used 49526K [0x0000000086200000, 0x0000000100000000)
  region size 1024K, 28 young (28672K), 3 survivors (3072K)
 Metaspace       used 32891K, capacity 33377K, committed 33916K, reserved 1079296K
  class space    used 3893K, capacity 4088K, committed 4220K, reserved 1048576K
}
Event: 4,919 GC heap after
{Heap after GC invocations=13 (full 0):
 garbage-first heap   total 183296K, used 24856K [0x0000000086200000, 0x0000000100000000)
  region size 1024K, 4 young (4096K), 4 survivors (4096K)
 Metaspace       used 32891K, capacity 33377K, committed 33916K, reserved 1079296K
  class space    used 3893K, capacity 4088K, committed 4220K, reserved 1048576K
}
Event: 5,405 GC heap before
{Heap before GC invocations=13 (full 0):
 garbage-first heap   total 183296K, used 37144K [0x0000000086200000, 0x0000000100000000)
  region size 1024K, 17 young (17408K), 4 survivors (4096K)
 Metaspace       used 35136K, capacity 35648K, committed 36048K, reserved 1081344K
  class space    used 4118K, capacity 4290K, committed 4348K, reserved 1048576K
}
Event: 5,424 GC heap after
{Heap after GC invocations=14 (full 0):
 garbage-first heap   total 231424K, used 24585K [0x0000000086200000, 0x0000000100000000)
  region size 1024K, 2 young (2048K), 2 survivors (2048K)
 Metaspace       used 35136K, capacity 35648K, committed 36048K, reserved 1081344K
  class space    used 4118K, capacity 4290K, committed 4348K, reserved 1048576K
}
Event: 6,286 GC heap before
{Heap before GC invocations=15 (full 0):
 garbage-first heap   total 231424K, used 51209K [0x0000000086200000, 0x0000000100000000)
  region size 1024K, 28 young (28672K), 2 survivors (2048K)
 Metaspace       used 40266K, capacity 40755K, committed 41372K, reserved 1085440K
  class space    used 4768K, capacity 4966K, committed 5116K, reserved 1048576K
}
Event: 6,307 GC heap after
{Heap after GC invocations=16 (full 0):
 garbage-first heap   total 231424K, used 26375K [0x0000000086200000, 0x0000000100000000)
  region size 1024K, 4 young (4096K), 4 survivors (4096K)
 Metaspace       used 40266K, capacity 40755K, committed 41372K, reserved 1085440K
  class space    used 4768K, capacity 4966K, committed 5116K, reserved 1048576K
}
Event: 7,769 GC heap before
{Heap before GC invocations=16 (full 0):
 garbage-first heap   total 231424K, used 67335K [0x0000000086200000, 0x0000000100000000)
  region size 1024K, 41 young (41984K), 4 survivors (4096K)
 Metaspace       used 45439K, capacity 45936K, committed 46748K, reserved 1091584K
  class space    used 5323K, capacity 5513K, committed 5628K, reserved 1048576K
}
Event: 7,804 GC heap after
{Heap after GC invocations=17 (full 0):
 garbage-first heap   total 231424K, used 31268K [0x0000000086200000, 0x0000000100000000)
  region size 1024K, 5 young (5120K), 5 survivors (5120K)
 Metaspace       used 45439K, capacity 45936K, committed 46748K, reserved 1091584K
  class space    used 5323K, capacity 5513K, committed 5628K, reserved 1048576K
}
Event: 11,641 GC heap before
{Heap before GC invocations=17 (full 0):
 garbage-first heap   total 231424K, used 84516K [0x0000000086200000, 0x0000000100000000)
  region size 1024K, 57 young (58368K), 5 survivors (5120K)
 Metaspace       used 52977K, capacity 53673K, committed 54300K, reserved 1097728K
  class space    used 6204K, capacity 6462K, committed 6524K, reserved 1048576K
}
Event: 11,891 GC heap after
{Heap after GC invocations=18 (full 0):
 garbage-first heap   total 231424K, used 37888K [0x0000000086200000, 0x0000000100000000)
  region size 1024K, 8 young (8192K), 8 survivors (8192K)
 Metaspace       used 52977K, capacity 53673K, committed 54300K, reserved 1097728K
  class space    used 6204K, capacity 6462K, committed 6524K, reserved 1048576K
}
Event: 34,097 GC heap before
{Heap before GC invocations=18 (full 0):
 garbage-first heap   total 231424K, used 94208K [0x0000000086200000, 0x0000000100000000)
  region size 1024K, 63 young (64512K), 8 survivors (8192K)
 Metaspace       used 58138K, capacity 58885K, committed 59292K, reserved 1101824K
  class space    used 6747K, capacity 7024K, committed 7164K, reserved 1048576K
}

Deoptimization events (20 events):
Event: 33,714 Thread 0x00007f72bc017000 Uncommon trap: trap_request=0xffffffbe fr.pc=0x00007f72b1371924 relative=0x00000000000034e4
Event: 33,714 Thread 0x00007f72bc017000 Uncommon trap: reason=profile_predicate action=maybe_recompile pc=0x00007f72b1371924 method=org.jetbrains.kotlin.serialization.deserialization.descriptors.DeserializedPackageMemberScope.hasClass(Lorg/jetbrains/kotlin/name/Name;)Z @ 65 c2
Event: 33,714 Thread 0x00007f72bc017000 DEOPT PACKING pc=0x00007f72b1371924 sp=0x00007f72c5b27390
Event: 33,714 Thread 0x00007f72bc017000 DEOPT UNPACKING pc=0x00007f72a96cd89f sp=0x00007f72c5b272e0 mode 2
Event: 33,714 Thread 0x00007f72bc017000 Uncommon trap: trap_request=0xffffffbe fr.pc=0x00007f72b137a2ac relative=0x0000000000001bcc
Event: 33,714 Thread 0x00007f72bc017000 Uncommon trap: reason=profile_predicate action=maybe_recompile pc=0x00007f72b137a2ac method=org.jetbrains.kotlin.serialization.deserialization.descriptors.DeserializedPackageMemberScope.hasClass(Lorg/jetbrains/kotlin/name/Name;)Z @ 65 c2
Event: 33,714 Thread 0x00007f72bc017000 DEOPT PACKING pc=0x00007f72b137a2ac sp=0x00007f72c5b27300
Event: 33,714 Thread 0x00007f72bc017000 DEOPT UNPACKING pc=0x00007f72a96cd89f sp=0x00007f72c5b272d0 mode 2
Event: 33,733 Thread 0x00007f72bc017000 Uncommon trap: trap_request=0xffffffc6 fr.pc=0x00007f72b12d41d8 relative=0x00000000000003f8
Event: 33,740 Thread 0x00007f72bc017000 Uncommon trap: reason=bimorphic_or_optimized_type_check action=maybe_recompile pc=0x00007f72b12d41d8 method=kotlin.SynchronizedLazyImpl.getValue()Ljava/lang/Object; @ 57 c2
Event: 33,740 Thread 0x00007f72bc017000 DEOPT PACKING pc=0x00007f72b12d41d8 sp=0x00007f72c5b2a6e0
Event: 33,740 Thread 0x00007f72bc017000 DEOPT UNPACKING pc=0x00007f72a96cd89f sp=0x00007f72c5b2a678 mode 2
Event: 33,791 Thread 0x00007f72bc017000 Uncommon trap: trap_request=0xffffffc6 fr.pc=0x00007f72b12d41d8 relative=0x00000000000003f8
Event: 33,791 Thread 0x00007f72bc017000 Uncommon trap: reason=bimorphic_or_optimized_type_check action=maybe_recompile pc=0x00007f72b12d41d8 method=kotlin.SynchronizedLazyImpl.getValue()Ljava/lang/Object; @ 57 c2
Event: 33,791 Thread 0x00007f72bc017000 DEOPT PACKING pc=0x00007f72b12d41d8 sp=0x00007f72c5b289c0
Event: 33,791 Thread 0x00007f72bc017000 DEOPT UNPACKING pc=0x00007f72a96cd89f sp=0x00007f72c5b28958 mode 2
Event: 33,910 Thread 0x00007f72bc017000 Uncommon trap: trap_request=0xffffffc6 fr.pc=0x00007f72b12d41d8 relative=0x00000000000003f8
Event: 33,910 Thread 0x00007f72bc017000 Uncommon trap: reason=bimorphic_or_optimized_type_check action=maybe_recompile pc=0x00007f72b12d41d8 method=kotlin.SynchronizedLazyImpl.getValue()Ljava/lang/Object; @ 57 c2
Event: 33,910 Thread 0x00007f72bc017000 DEOPT PACKING pc=0x00007f72b12d41d8 sp=0x00007f72c5b289f0
Event: 33,910 Thread 0x00007f72bc017000 DEOPT UNPACKING pc=0x00007f72a96cd89f sp=0x00007f72c5b28988 mode 2

Classes redefined (0 events):
No events

Internal exceptions (20 events):
Event: 3,390 Thread 0x00007f72bc017000 Exception <a 'java/lang/NoSuchMethodError'{0x0000000090b1d360}: 'void java.lang.invoke.DirectMethodHandle$Holder.invokeVirtual(java.lang.Object, java.lang.Object)'> (0x0000000090b1d360) thrown at [./src/hotspot/share/interpreter/linkResolver.cpp, line 773]
Event: 3,430 Thread 0x00007f72bc017000 Exception <a 'java/lang/NoSuchMethodError'{0x0000000090b8dc90}: 'int java.lang.invoke.DirectMethodHandle$Holder.invokeVirtual(java.lang.Object, java.lang.Object)'> (0x0000000090b8dc90) thrown at [./src/hotspot/share/interpreter/linkResolver.cpp, line 773]
Event: 4,960 Thread 0x00007f72bc017000 Exception <a 'java/lang/NoSuchMethodError'{0x0000000091375d40}: 'java.lang.Object java.lang.invoke.DirectMethodHandle$Holder.invokeVirtual(java.lang.Object, java.lang.Object, java.lang.Object)'> (0x0000000091375d40) thrown at [./src/hotspot/share/interpreter/linkResolver.cpp, line 773]
Event: 6,451 Thread 0x00007f72bc017000 Exception <a 'java/lang/NoSuchMethodError'{0x00000000941521b0}: 'java.lang.Object java.lang.invoke.Invokers$Holder.linkToTargetMethod(java.lang.Object, int, java.lang.Object)'> (0x00000000941521b0) thrown at [./src/hotspot/share/interpreter/linkResolver.cpp, line 773]
Event: 6,806 Thread 0x00007f72bc017000 Exception <a 'java/lang/NoSuchMethodError'{0x0000000093d4d610}: 'java.lang.Object java.lang.invoke.DirectMethodHandle$Holder.invokeStatic(java.lang.Object, java.lang.Object, java.lang.Object, int)'> (0x0000000093d4d610) thrown at [./src/hotspot/share/interpreter/linkResolver.cpp, line 773]
Event: 6,807 Thread 0x00007f72bc017000 Exception <a 'java/lang/NoSuchMethodError'{0x0000000093d51280}: 'java.lang.Object java.lang.invoke.DirectMethodHandle$Holder.invokeSpecial(java.lang.Object, java.lang.Object, java.lang.Object, java.lang.Object, int)'> (0x0000000093d51280) thrown at [./src/hotspot/share/interpreter/linkResolver.cpp, line 773]
Event: 6,807 Thread 0x00007f72bc017000 Exception <a 'java/lang/NoSuchMethodError'{0x0000000093d54590}: 'java.lang.Object java.lang.invoke.Invokers$Holder.linkToTargetMethod(java.lang.Object, java.lang.Object, int, java.lang.Object)'> (0x0000000093d54590) thrown at [./src/hotspot/share/interpreter/linkResolver.cpp, line 773]
Event: 11,130 Thread 0x00007f72bc017000 Exception <a 'java/lang/NoSuchMethodError'{0x0000000090e3c208}: 'java.lang.Object java.lang.invoke.Invokers$Holder.linkToTargetMethod(java.lang.Object, java.lang.Object, java.lang.Object, java.lang.Object, java.lang.Object, java.lang.Object)'> (0x0000000090e3c208) thrown at [./src/hotspot/share/interpreter/linkResolver.cpp, line 773]
Event: 20,636 Thread 0x00007f72bc017000 Exception <a 'java/lang/NoSuchMethodError'{0x0000000093f1d248}: 'int java.lang.invoke.DirectMethodHandle$Holder.invokeVirtual(java.lang.Object, java.lang.Object, java.lang.Object)'> (0x0000000093f1d248) thrown at [./src/hotspot/share/interpreter/linkResolver.cpp, line 773]
Event: 20,761 Thread 0x00007f72bc017000 Exception <a 'java/lang/NoSuchMethodError'{0x0000000093f5d660}: 'java.lang.Object java.lang.invoke.DirectMethodHandle$Holder.invokeSpecial(java.lang.Object, java.lang.Object, java.lang.Object, java.lang.Object, java.lang.Object, int)'> (0x0000000093f5d660) thrown at [./src/hotspot/share/interpreter/linkResolver.cpp, line 773]
Event: 20,770 Thread 0x00007f72bc017000 Exception <a 'java/lang/NoSuchMethodError'{0x0000000093f61750}: 'java.lang.Object java.lang.invoke.Invokers$Holder.linkToTargetMethod(java.lang.Object, java.lang.Object, java.lang.Object, int, java.lang.Object)'> (0x0000000093f61750) thrown at [./src/hotspot/share/interpreter/linkResolver.cpp, line 773]
Event: 24,196 Thread 0x00007f72bc017000 Exception <a 'java/lang/NoSuchMethodError'{0x0000000093d152e8}: 'int java.lang.invoke.DirectMethodHandle$Holder.invokeStatic(java.lang.Object, java.lang.Object, java.lang.Object, java.lang.Object, java.lang.Object)'> (0x0000000093d152e8) thrown at [./src/hotspot/share/interpreter/linkResolver.cpp, line 773]
Event: 24,232 Thread 0x00007f72bc017000 Exception <a 'java/lang/NoSuchMethodError'{0x0000000093d3c198}: 'int java.lang.invoke.DirectMethodHandle$Holder.invokeStaticInit(java.lang.Object, int)'> (0x0000000093d3c198) thrown at [./src/hotspot/share/interpreter/linkResolver.cpp, line 773]
Event: 24,554 Thread 0x00007f72bc017000 Implicit null exception at 0x00007f72b126cbcc to 0x00007f72b126cca8
Event: 24,673 Thread 0x00007f72bc017000 Implicit null exception at 0x00007f72b12414dc to 0x00007f72b12423f8
Event: 24,673 Thread 0x00007f72bc017000 Implicit null exception at 0x00007f72b11ca9db to 0x00007f72b11cb126
Event: 25,690 Thread 0x00007f72bc017000 Exception <a 'java/lang/NoSuchMethodError'{0x00000000937af7b8}: 'java.lang.Object java.lang.invoke.Invokers$Holder.linkToTargetMethod(java.lang.Object, java.lang.Object, java.lang.Object, java.lang.Object, java.lang.Object, java.lang.Object, java.lang.Object)'> (0x00000000937af7b8) thrown at [./src/hotspot/share/interpreter/linkResolver.cpp, line 773]
Event: 28,034 Thread 0x00007f72bc017000 Exception <a 'java/lang/NoSuchMethodError'{0x0000000092f4e460}: 'java.lang.Object java.lang.invoke.DirectMethodHandle$Holder.invokeStaticInit(java.lang.Object, java.lang.Object, java.lang.Object)'> (0x0000000092f4e460) thrown at [./src/hotspot/share/interpreter/linkResolver.cpp, line 773]
Event: 31,725 Thread 0x00007f72bc017000 Exception <a 'java/lang/NoSuchMethodError'{0x00000000922dba30}: 'java.lang.Object java.lang.invoke.DirectMethodHandle$Holder.invokeStatic(java.lang.Object, int, java.lang.Object, java.lang.Object)'> (0x00000000922dba30) thrown at [./src/hotspot/share/interpreter/linkResolver.cpp, line 773]
Event: 31,728 Thread 0x00007f72bc017000 Exception <a 'java/lang/NoSuchMethodError'{0x00000000922e5af0}: 'int java.lang.invoke.DirectMethodHandle$Holder.invokeInterface(java.lang.Object, java.lang.Object)'> (0x00000000922e5af0) thrown at [./src/hotspot/share/interpreter/linkResolver.cpp, line 773]

Events (20 events):
Event: 33,974 loading class org/jetbrains/kotlin/resolve/calls/inference/components/VariableFixationFinder$variableHasProperArgumentConstraints$areThereConstraintsWithUninferredTypeParameter$1$1 done
Event: 33,974 loading class org/jetbrains/kotlin/resolve/calls/inference/components/VariableFixationFinder$isProperType$1$1
Event: 33,974 loading class org/jetbrains/kotlin/resolve/calls/inference/components/VariableFixationFinder$isProperType$1$1 done
Event: 33,975 loading class org/jetbrains/kotlin/resolve/calls/inference/components/VariableFixationFinder$hasDependencyToOtherTypeVariables$dependencyPresenceCondition$1
Event: 33,975 loading class org/jetbrains/kotlin/resolve/calls/inference/components/VariableFixationFinder$hasDependencyToOtherTypeVariables$dependencyPresenceCondition$1 done
Event: 33,975 loading class org/jetbrains/kotlin/resolve/calls/inference/components/VariableFixationFinder$TypeVariableFixationReadiness
Event: 33,975 loading class org/jetbrains/kotlin/resolve/calls/inference/components/VariableFixationFinder$TypeVariableFixationReadiness done
Event: 33,988 loading class org/jetbrains/kotlin/resolve/calls/inference/components/VariableFixationFinder$WhenMappings
Event: 33,988 loading class org/jetbrains/kotlin/resolve/calls/inference/components/VariableFixationFinder$WhenMappings done
Event: 33,991 loading class org/jetbrains/kotlin/resolve/calls/inference/components/TypeVariableDependencyInformationProvider$computeRelatedToTopLevelType$1
Event: 33,991 loading class org/jetbrains/kotlin/resolve/calls/inference/components/TypeVariableDependencyInformationProvider$computeRelatedToTopLevelType$1 done
Event: 33,996 loading class kotlin/collections/MapWithDefault
Event: 33,996 loading class kotlin/collections/MapWithDefault done
Event: 34,001 loading class org/jetbrains/kotlin/resolve/calls/inference/model/FixVariableConstraintPositionImpl
Event: 34,001 loading class org/jetbrains/kotlin/resolve/calls/inference/model/FixVariableConstraintPositionImpl done
Event: 34,047 loading class org/jetbrains/kotlin/types/TypeApproximatorConfiguration$IntegerLiteralsTypesApproximation
Event: 34,047 loading class org/jetbrains/kotlin/types/TypeApproximatorConfiguration$IntegerLiteralsTypesApproximation done
Event: 34,065 loading class org/jetbrains/kotlin/resolve/CompileTimeConstantUtils
Event: 34,065 loading class org/jetbrains/kotlin/resolve/CompileTimeConstantUtils done
Event: 34,097 Executing VM operation: G1CollectForAllocation


Dynamic libraries:
00400000-00401000 r-xp 00000000 07:11 1152                               /snap/android-studio/103/android-studio/jre/bin/java
00600000-00601000 r--p 00000000 07:11 1152                               /snap/android-studio/103/android-studio/jre/bin/java
00601000-00602000 rw-p 00001000 07:11 1152                               /snap/android-studio/103/android-studio/jre/bin/java
018d5000-018f6000 rw-p 00000000 00:00 0                                  [heap]
86200000-94400000 rw-p 00000000 00:00 0 
9ed00000-100000000 ---p 00000000 00:00 0 
100000000-1006ff000 rw-p 00000000 00:00 0 
1006ff000-140000000 ---p 00000000 00:00 0 
7f72673b4000-7f7267700000 rw-p 00000000 00:00 0 
7f7267700000-7f7267800000 ---p 00000000 00:00 0 
7f7267800000-7f7267a00000 rw-p 00000000 00:00 0 
7f7267a00000-7f7267c00000 rw-p 00000000 00:00 0 
7f7267c00000-7f7267e00000 rw-p 00000000 00:00 0 
7f7267e00000-7f7268000000 rw-p 00000000 00:00 0 
7f7268000000-7f7268021000 rw-p 00000000 00:00 0 
7f7268021000-7f726c000000 ---p 00000000 00:00 0 
7f726c000000-7f726c041000 rw-p 00000000 00:00 0 
7f726c041000-7f7270000000 ---p 00000000 00:00 0 
7f7270000000-7f7270c1f000 rw-p 00000000 00:00 0 
7f7270c1f000-7f7274000000 ---p 00000000 00:00 0 
7f7274000000-7f7274021000 rw-p 00000000 00:00 0 
7f7274021000-7f7278000000 ---p 00000000 00:00 0 
7f7278000000-7f7278021000 rw-p 00000000 00:00 0 
7f7278021000-7f727c000000 ---p 00000000 00:00 0 
7f727c000000-7f727dd21000 rw-p 00000000 00:00 0 
7f727dd21000-7f7280000000 ---p 00000000 00:00 0 
7f7280000000-7f7280021000 rw-p 00000000 00:00 0 
7f7280021000-7f7284000000 ---p 00000000 00:00 0 
7f7284000000-7f7284021000 rw-p 00000000 00:00 0 
7f7284021000-7f7288000000 ---p 00000000 00:00 0 
7f7288000000-7f7288021000 rw-p 00000000 00:00 0 
7f7288021000-7f728c000000 ---p 00000000 00:00 0 
7f728c000000-7f728c1a1000 rw-p 00000000 00:00 0 
7f728c1a1000-7f7290000000 ---p 00000000 00:00 0 
7f7290000000-7f7290021000 rw-p 00000000 00:00 0 
7f7290021000-7f7294000000 ---p 00000000 00:00 0 
7f7294000000-7f7294021000 rw-p 00000000 00:00 0 
7f7294021000-7f7298000000 ---p 00000000 00:00 0 
7f7298145000-7f7298345000 rw-p 00000000 00:00 0 
7f7298345000-7f7298545000 rw-p 00000000 00:00 0 
7f7298545000-7f7298745000 rw-p 00000000 00:00 0 
7f7298745000-7f7298945000 rw-p 00000000 00:00 0 
7f7298945000-7f7298b45000 rw-p 00000000 00:00 0 
7f7298b45000-7f7298d2d000 rw-p 00000000 00:00 0 
7f7298d2d000-7f7298d45000 ---p 00000000 00:00 0 
7f7298d45000-7f7298f45000 rw-p 00000000 00:00 0 
7f7298f45000-7f7299145000 rw-p 00000000 00:00 0 
7f7299145000-7f7299345000 rw-p 00000000 00:00 0 
7f7299345000-7f7299545000 rw-p 00000000 00:00 0 
7f7299545000-7f7299745000 rw-p 00000000 00:00 0 
7f7299745000-7f7299c00000 rw-p 00000000 00:00 0 
7f7299c00000-7f7299e00000 rw-p 00000000 00:00 0 
7f7299e00000-7f729c000000 rw-p 00000000 00:00 0 
7f729c000000-7f729c021000 rw-p 00000000 00:00 0 
7f729c021000-7f72a0000000 ---p 00000000 00:00 0 
7f72a0110000-7f72a0698000 rw-p 00000000 00:00 0 
7f72a0698000-7f72a2188000 ---p 00000000 00:00 0 
7f72a2188000-7f72a2510000 rw-p 00000000 00:00 0 
7f72a2510000-7f72a4000000 ---p 00000000 00:00 0 
7f72a4000000-7f72a4028000 rw-p 00000000 00:00 0 
7f72a4028000-7f72a8000000 ---p 00000000 00:00 0 
7f72a8116000-7f72a8316000 rw-p 00000000 00:00 0 
7f72a8316000-7f72a8516000 rw-p 00000000 00:00 0 
7f72a8516000-7f72a8517000 ---p 00000000 00:00 0 
7f72a8517000-7f72a8618000 rw-p 00000000 00:00 0 
7f72a8618000-7f72a861a000 r-xp 00000000 fd:00 2668704                    /lib/x86_64-linux-gnu/libutil-2.27.so
7f72a861a000-7f72a8819000 ---p 00002000 fd:00 2668704                    /lib/x86_64-linux-gnu/libutil-2.27.so
7f72a8819000-7f72a881a000 r--p 00001000 fd:00 2668704                    /lib/x86_64-linux-gnu/libutil-2.27.so
7f72a881a000-7f72a881b000 rw-p 00002000 fd:00 2668704                    /lib/x86_64-linux-gnu/libutil-2.27.so
7f72a881b000-7f72a881e000 r-xp 00000000 fd:00 527896                     /tmp/libjansi-1.4.32-release-371 (1.4.32)-13633524464532286133.so
7f72a881e000-7f72a8a1d000 ---p 00003000 fd:00 527896                     /tmp/libjansi-1.4.32-release-371 (1.4.32)-13633524464532286133.so
7f72a8a1d000-7f72a8a1e000 rw-p 00002000 fd:00 527896                     /tmp/libjansi-1.4.32-release-371 (1.4.32)-13633524464532286133.so
7f72a8a1e000-7f72a8a32000 r-xp 00000000 07:11 1524                       /snap/android-studio/103/android-studio/jre/lib/libnet.so
7f72a8a32000-7f72a8c31000 ---p 00014000 07:11 1524                       /snap/android-studio/103/android-studio/jre/lib/libnet.so
7f72a8c31000-7f72a8c32000 r--p 00013000 07:11 1524                       /snap/android-studio/103/android-studio/jre/lib/libnet.so
7f72a8c32000-7f72a8c33000 rw-p 00014000 07:11 1524                       /snap/android-studio/103/android-studio/jre/lib/libnet.so
7f72a8c33000-7f72a8c41000 r-xp 00000000 07:11 1525                       /snap/android-studio/103/android-studio/jre/lib/libnio.so
7f72a8c41000-7f72a8e41000 ---p 0000e000 07:11 1525                       /snap/android-studio/103/android-studio/jre/lib/libnio.so
7f72a8e41000-7f72a8e42000 r--p 0000e000 07:11 1525                       /snap/android-studio/103/android-studio/jre/lib/libnio.so
7f72a8e42000-7f72a8e43000 rw-p 0000f000 07:11 1525                       /snap/android-studio/103/android-studio/jre/lib/libnio.so
7f72a8e43000-7f72a8e47000 ---p 00000000 00:00 0 
7f72a8e47000-7f72a8f44000 rw-p 00000000 00:00 0 
7f72a8f44000-7f72a8f45000 ---p 00000000 00:00 0 
7f72a8f45000-7f72a9046000 rw-p 00000000 00:00 0 
7f72a9046000-7f72a904a000 ---p 00000000 00:00 0 
7f72a904a000-7f72a9147000 rw-p 00000000 00:00 0 
7f72a9147000-7f72a914b000 ---p 00000000 00:00 0 
7f72a914b000-7f72a9248000 rw-p 00000000 00:00 0 
7f72a9248000-7f72a96a8000 r--p 00000000 fd:00 655881                     /usr/lib/locale/locale-archive
7f72a96a8000-7f72a9918000 rwxp 00000000 00:00 0 
7f72a9918000-7f72a9c37000 ---p 00000000 00:00 0 
7f72a9c37000-7f72aa907000 rwxp 00000000 00:00 0 
7f72aa907000-7f72b116f000 ---p 00000000 00:00 0 
7f72b116f000-7f72b13df000 rwxp 00000000 00:00 0 
7f72b13df000-7f72b86a8000 ---p 00000000 00:00 0 
7f72b86a8000-7f72bc000000 r--s 00000000 07:11 1535                       /snap/android-studio/103/android-studio/jre/lib/modules
7f72bc000000-7f72bd628000 rw-p 00000000 00:00 0 
7f72bd628000-7f72c0000000 ---p 00000000 00:00 0 
7f72c00ae000-7f72c00b2000 ---p 00000000 00:00 0 
7f72c00b2000-7f72c01af000 rw-p 00000000 00:00 0 
7f72c01af000-7f72c01b3000 ---p 00000000 00:00 0 
7f72c01b3000-7f72c02b0000 rw-p 00000000 00:00 0 
7f72c02b0000-7f72c02b4000 ---p 00000000 00:00 0 
7f72c02b4000-7f72c03b1000 rw-p 00000000 00:00 0 
7f72c03b1000-7f72c03b5000 ---p 00000000 00:00 0 
7f72c03b5000-7f72c04b2000 rw-p 00000000 00:00 0 
7f72c04b2000-7f72c04b6000 ---p 00000000 00:00 0 
7f72c04b6000-7f72c05b3000 rw-p 00000000 00:00 0 
7f72c05b3000-7f72c05b4000 ---p 00000000 00:00 0 
7f72c05b4000-7f72c0f91000 rw-p 00000000 00:00 0 
7f72c0f91000-7f72c0f92000 ---p 00000000 00:00 0 
7f72c0f92000-7f72c1093000 rw-p 00000000 00:00 0 
7f72c1093000-7f72c1094000 ---p 00000000 00:00 0 
7f72c1094000-7f72c1397000 rw-p 00000000 00:00 0 
7f72c1397000-7f72c1398000 ---p 00000000 00:00 0 
7f72c1398000-7f72c1499000 rw-p 00000000 00:00 0 
7f72c1499000-7f72c149a000 ---p 00000000 00:00 0 
7f72c149a000-7f72c160c000 rw-p 00000000 00:00 0 
7f72c160c000-7f72c196a000 ---p 00000000 00:00 0 
7f72c196a000-7f72c19db000 rw-p 00000000 00:00 0 
7f72c19db000-7f72c1d39000 ---p 00000000 00:00 0 
7f72c1d39000-7f72c1daa000 rw-p 00000000 00:00 0 
7f72c1daa000-7f72c2108000 ---p 00000000 00:00 0 
7f72c2108000-7f72c230a000 rw-p 00000000 00:00 0 
7f72c230a000-7f72c230b000 ---p 00000000 00:00 0 
7f72c230b000-7f72c2411000 rw-p 00000000 00:00 0 
7f72c2411000-7f72c24f7000 ---p 00000000 00:00 0 
7f72c24f7000-7f72c2511000 rw-p 00000000 00:00 0 
7f72c2511000-7f72c25e2000 ---p 00000000 00:00 0 
7f72c25e2000-7f72c25fe000 r-xp 00000000 07:11 1534                       /snap/android-studio/103/android-studio/jre/lib/libzip.so
7f72c25fe000-7f72c27fd000 ---p 0001c000 07:11 1534                       /snap/android-studio/103/android-studio/jre/lib/libzip.so
7f72c27fd000-7f72c27fe000 r--p 0001b000 07:11 1534                       /snap/android-studio/103/android-studio/jre/lib/libzip.so
7f72c27fe000-7f72c27ff000 rw-p 0001c000 07:11 1534                       /snap/android-studio/103/android-studio/jre/lib/libzip.so
7f72c27ff000-7f72c280a000 r-xp 00000000 fd:00 2668692                    /lib/x86_64-linux-gnu/libnss_files-2.27.so
7f72c280a000-7f72c2a09000 ---p 0000b000 fd:00 2668692                    /lib/x86_64-linux-gnu/libnss_files-2.27.so
7f72c2a09000-7f72c2a0a000 r--p 0000a000 fd:00 2668692                    /lib/x86_64-linux-gnu/libnss_files-2.27.so
7f72c2a0a000-7f72c2a0b000 rw-p 0000b000 fd:00 2668692                    /lib/x86_64-linux-gnu/libnss_files-2.27.so
7f72c2a0b000-7f72c2a11000 rw-p 00000000 00:00 0 
7f72c2a11000-7f72c2a28000 r-xp 00000000 fd:00 2668689                    /lib/x86_64-linux-gnu/libnsl-2.27.so
7f72c2a28000-7f72c2c27000 ---p 00017000 fd:00 2668689                    /lib/x86_64-linux-gnu/libnsl-2.27.so
7f72c2c27000-7f72c2c28000 r--p 00016000 fd:00 2668689                    /lib/x86_64-linux-gnu/libnsl-2.27.so
7f72c2c28000-7f72c2c29000 rw-p 00017000 fd:00 2668689                    /lib/x86_64-linux-gnu/libnsl-2.27.so
7f72c2c29000-7f72c2c2b000 rw-p 00000000 00:00 0 
7f72c2c2b000-7f72c2c36000 r-xp 00000000 fd:00 2668695                    /lib/x86_64-linux-gnu/libnss_nis-2.27.so
7f72c2c36000-7f72c2e35000 ---p 0000b000 fd:00 2668695                    /lib/x86_64-linux-gnu/libnss_nis-2.27.so
7f72c2e35000-7f72c2e36000 r--p 0000a000 fd:00 2668695                    /lib/x86_64-linux-gnu/libnss_nis-2.27.so
7f72c2e36000-7f72c2e37000 rw-p 0000b000 fd:00 2668695                    /lib/x86_64-linux-gnu/libnss_nis-2.27.so
7f72c2e37000-7f72c2e3f000 r-xp 00000000 fd:00 2668690                    /lib/x86_64-linux-gnu/libnss_compat-2.27.so
7f72c2e3f000-7f72c303f000 ---p 00008000 fd:00 2668690                    /lib/x86_64-linux-gnu/libnss_compat-2.27.so
7f72c303f000-7f72c3040000 r--p 00008000 fd:00 2668690                    /lib/x86_64-linux-gnu/libnss_compat-2.27.so
7f72c3040000-7f72c3041000 rw-p 00009000 fd:00 2668690                    /lib/x86_64-linux-gnu/libnss_compat-2.27.so
7f72c3041000-7f72c305e000 r-xp 00000000 07:11 1516                       /snap/android-studio/103/android-studio/jre/lib/libjimage.so
7f72c305e000-7f72c325d000 ---p 0001d000 07:11 1516                       /snap/android-studio/103/android-studio/jre/lib/libjimage.so
7f72c325d000-7f72c325f000 r--p 0001c000 07:11 1516                       /snap/android-studio/103/android-studio/jre/lib/libjimage.so
7f72c325f000-7f72c3260000 rw-p 0001e000 07:11 1516                       /snap/android-studio/103/android-studio/jre/lib/libjimage.so
7f72c3260000-7f72c3272000 rw-p 00000000 00:00 0 
7f72c3272000-7f72c3297000 r-xp 00000000 07:11 1512                       /snap/android-studio/103/android-studio/jre/lib/libjava.so
7f72c3297000-7f72c3497000 ---p 00025000 07:11 1512                       /snap/android-studio/103/android-studio/jre/lib/libjava.so
7f72c3497000-7f72c3498000 r--p 00025000 07:11 1512                       /snap/android-studio/103/android-studio/jre/lib/libjava.so
7f72c3498000-7f72c3499000 rw-p 00026000 07:11 1512                       /snap/android-studio/103/android-studio/jre/lib/libjava.so
7f72c3499000-7f72c34a7000 r-xp 00000000 07:11 1533                       /snap/android-studio/103/android-studio/jre/lib/libverify.so
7f72c34a7000-7f72c36a6000 ---p 0000e000 07:11 1533                       /snap/android-studio/103/android-studio/jre/lib/libverify.so
7f72c36a6000-7f72c36a8000 r--p 0000d000 07:11 1533                       /snap/android-studio/103/android-studio/jre/lib/libverify.so
7f72c36a8000-7f72c36a9000 rw-p 0000f000 07:11 1533                       /snap/android-studio/103/android-studio/jre/lib/libverify.so
7f72c36a9000-7f72c36b0000 r-xp 00000000 fd:00 2668702                    /lib/x86_64-linux-gnu/librt-2.27.so
7f72c36b0000-7f72c38af000 ---p 00007000 fd:00 2668702                    /lib/x86_64-linux-gnu/librt-2.27.so
7f72c38af000-7f72c38b0000 r--p 00006000 fd:00 2668702                    /lib/x86_64-linux-gnu/librt-2.27.so
7f72c38b0000-7f72c38b1000 rw-p 00007000 fd:00 2668702                    /lib/x86_64-linux-gnu/librt-2.27.so
7f72c38b1000-7f72c3a4e000 r-xp 00000000 fd:00 2668686                    /lib/x86_64-linux-gnu/libm-2.27.so
7f72c3a4e000-7f72c3c4d000 ---p 0019d000 fd:00 2668686                    /lib/x86_64-linux-gnu/libm-2.27.so
7f72c3c4d000-7f72c3c4e000 r--p 0019c000 fd:00 2668686                    /lib/x86_64-linux-gnu/libm-2.27.so
7f72c3c4e000-7f72c3c4f000 rw-p 0019d000 fd:00 2668686                    /lib/x86_64-linux-gnu/libm-2.27.so
7f72c3c4f000-7f72c4b92000 r-xp 00000000 07:11 1546                       /snap/android-studio/103/android-studio/jre/lib/server/libjvm.so
7f72c4b92000-7f72c4d92000 ---p 00f43000 07:11 1546                       /snap/android-studio/103/android-studio/jre/lib/server/libjvm.so
7f72c4d92000-7f72c4e56000 r--p 00f43000 07:11 1546                       /snap/android-studio/103/android-studio/jre/lib/server/libjvm.so
7f72c4e56000-7f72c4e8d000 rw-p 01007000 07:11 1546                       /snap/android-studio/103/android-studio/jre/lib/server/libjvm.so
7f72c4e8d000-7f72c4ef5000 rw-p 00000000 00:00 0 
7f72c4ef5000-7f72c50dc000 r-xp 00000000 fd:00 2668682                    /lib/x86_64-linux-gnu/libc-2.27.so
7f72c50dc000-7f72c52dc000 ---p 001e7000 fd:00 2668682                    /lib/x86_64-linux-gnu/libc-2.27.so
7f72c52dc000-7f72c52e0000 r--p 001e7000 fd:00 2668682                    /lib/x86_64-linux-gnu/libc-2.27.so
7f72c52e0000-7f72c52e2000 rw-p 001eb000 fd:00 2668682                    /lib/x86_64-linux-gnu/libc-2.27.so
7f72c52e2000-7f72c52e6000 rw-p 00000000 00:00 0 
7f72c52e6000-7f72c52e9000 r-xp 00000000 fd:00 2668685                    /lib/x86_64-linux-gnu/libdl-2.27.so
7f72c52e9000-7f72c54e8000 ---p 00003000 fd:00 2668685                    /lib/x86_64-linux-gnu/libdl-2.27.so
7f72c54e8000-7f72c54e9000 r--p 00002000 fd:00 2668685                    /lib/x86_64-linux-gnu/libdl-2.27.so
7f72c54e9000-7f72c54ea000 rw-p 00003000 fd:00 2668685                    /lib/x86_64-linux-gnu/libdl-2.27.so
7f72c54ea000-7f72c5500000 r-xp 00000000 07:11 1496                       /snap/android-studio/103/android-studio/jre/lib/jli/libjli.so
7f72c5500000-7f72c56ff000 ---p 00016000 07:11 1496                       /snap/android-studio/103/android-studio/jre/lib/jli/libjli.so
7f72c56ff000-7f72c5700000 r--p 00015000 07:11 1496                       /snap/android-studio/103/android-studio/jre/lib/jli/libjli.so
7f72c5700000-7f72c5701000 rw-p 00016000 07:11 1496                       /snap/android-studio/103/android-studio/jre/lib/jli/libjli.so
7f72c5701000-7f72c571b000 r-xp 00000000 fd:00 2668700                    /lib/x86_64-linux-gnu/libpthread-2.27.so
7f72c571b000-7f72c591a000 ---p 0001a000 fd:00 2668700                    /lib/x86_64-linux-gnu/libpthread-2.27.so
7f72c591a000-7f72c591b000 r--p 00019000 fd:00 2668700                    /lib/x86_64-linux-gnu/libpthread-2.27.so
7f72c591b000-7f72c591c000 rw-p 0001a000 fd:00 2668700                    /lib/x86_64-linux-gnu/libpthread-2.27.so
7f72c591c000-7f72c5920000 rw-p 00000000 00:00 0 
7f72c5920000-7f72c5949000 r-xp 00000000 fd:00 2627040                    /lib/x86_64-linux-gnu/ld-2.27.so
7f72c5950000-7f72c5a2c000 rw-p 00000000 00:00 0 
7f72c5a2c000-7f72c5a30000 ---p 00000000 00:00 0 
7f72c5a30000-7f72c5b31000 rw-p 00000000 00:00 0 
7f72c5b33000-7f72c5b38000 rw-p 00000000 00:00 0 
7f72c5b38000-7f72c5b3f000 ---p 00000000 00:00 0 
7f72c5b3f000-7f72c5b47000 rw-s 00000000 fd:00 527895                     /tmp/hsperfdata_jasna/20740
7f72c5b47000-7f72c5b48000 ---p 00000000 00:00 0 
7f72c5b48000-7f72c5b49000 r--p 00000000 00:00 0 
7f72c5b49000-7f72c5b4a000 r--p 00029000 fd:00 2627040                    /lib/x86_64-linux-gnu/ld-2.27.so
7f72c5b4a000-7f72c5b4b000 rw-p 0002a000 fd:00 2627040                    /lib/x86_64-linux-gnu/ld-2.27.so
7f72c5b4b000-7f72c5b4c000 rw-p 00000000 00:00 0 
7ffdc317e000-7ffdc319f000 rw-p 00000000 00:00 0                          [stack]
7ffdc31f5000-7ffdc31f8000 r--p 00000000 00:00 0                          [vvar]
7ffdc31f8000-7ffdc31fa000 r-xp 00000000 00:00 0                          [vdso]
ffffffffff600000-ffffffffff601000 r-xp 00000000 00:00 0                  [vsyscall]


VM Arguments:
java_command: org.jetbrains.kotlin.cli.jvm.K2JVMCompiler @/home/jasna/android_projekti/Aplikacije/MyNewsKotlin/app/build/20210526_6684406185166723223.compiler.options
java_class_path (initial): /home/jasna/.gradle/caches/modules-2/files-2.1/org.jetbrains.kotlin/kotlin-compiler-embeddable/1.4.32/b4fc9be460ca88eecea2303e142ce2920bd14775/kotlin-compiler-embeddable-1.4.32.jar:/home/jasna/.gradle/caches/modules-2/files-2.1/org.jetbrains.kotlin/kotlin-reflect/1.4.32/ce852b166d97f0f1991b5130c2bb02e2ef6c554e/kotlin-reflect-1.4.32.jar:/home/jasna/.gradle/caches/modules-2/files-2.1/org.jetbrains.kotlin/kotlin-stdlib/1.4.32/461367948840adbb0839c51d91ed74ef4a9ccb52/kotlin-stdlib-1.4.32.jar:/home/jasna/.gradle/caches/modules-2/files-2.1/org.jetbrains.kotlin/kotlin-script-runtime/1.4.32/bac50b0748be017dbc13fc1cb7231b1c9da0e106/kotlin-script-runtime-1.4.32.jar:/home/jasna/.gradle/caches/modules-2/files-2.1/org.jetbrains.kotlin/kotlin-daemon-embeddable/1.4.32/b40c5de5adea26ebb4e5fc36945c482ac20acee2/kotlin-daemon-embeddable-1.4.32.jar:/home/jasna/.gradle/caches/modules-2/files-2.1/org.jetbrains.intellij.deps/trove4j/1.0.20181211/216c2e14b070f334479d800987affe4054cd563f/trove4j-1.0.20181211.jar:/home/jasna/.gradle/caches/modules-2/files-2.1/org.jetbrains.kotlin/kotlin-stdlib-common/1.4.32/ef50bfa2c0491a11dcc35d9822edbfd6170e1ea2/kotlin-stdlib-common-1.4.32.jar:/home/jasna/.gradle/caches/modules-2/files-2.1/org.jetbrains/annotations/13.0/919f0dfe192fb4e063e7dacadee7f8bb9a2672a9/annotations-13.0.jar
Launcher Type: SUN_STANDARD

[Global flags]
     intx CICompilerCount                          = 2                                         {product} {ergonomic}
     uint ConcGCThreads                            = 1                                         {product} {ergonomic}
     uint G1ConcRefinementThreads                  = 2                                         {product} {ergonomic}
   size_t G1HeapRegionSize                         = 1048576                                   {product} {ergonomic}
    uintx GCDrainStackTargetSize                   = 64                                        {product} {ergonomic}
   size_t InitialHeapSize                          = 127926272                                 {product} {ergonomic}
   size_t MarkStackSize                            = 4194304                                   {product} {ergonomic}
   size_t MaxHeapSize                              = 2044723200                                {product} {ergonomic}
   size_t MaxNewSize                               = 1226833920                                {product} {ergonomic}
   size_t MinHeapDeltaBytes                        = 1048576                                   {product} {ergonomic}
    uintx NonNMethodCodeHeapSize                   = 5825164                                {pd product} {ergonomic}
    uintx NonProfiledCodeHeapSize                  = 122916538                              {pd product} {ergonomic}
    uintx ProfiledCodeHeapSize                     = 122916538                              {pd product} {ergonomic}
    uintx ReservedCodeCacheSize                    = 251658240                              {pd product} {ergonomic}
     bool SegmentedCodeCache                       = true                                      {product} {ergonomic}
     bool UseCompressedClassPointers               = true                                 {lp64_product} {ergonomic}
     bool UseCompressedOops                        = true                                 {lp64_product} {ergonomic}
     bool UseG1GC                                  = true                                      {product} {ergonomic}

Logging:
Log output configuration:
 #0: stdout all=warning uptime,level,tags
 #1: stderr all=off uptime,level,tags

Environment Variables:
PATH=/usr/local/sbin:/usr/local/bin:/usr/sbin:/usr/bin:/sbin:/bin:/usr/games:/usr/local/games:/snap/bin
USERNAME=jasna
SHELL=/bin/bash
DISPLAY=:0
LANG=en_US.UTF-8

Signal Handlers:
SIGSEGV: [libjvm.so+0xc44740], sa_mask[0]=11111111011111111101111111111110, sa_flags=SA_RESTART|SA_SIGINFO
SIGBUS: [libjvm.so+0xc44740], sa_mask[0]=11111111011111111101111111111110, sa_flags=SA_RESTART|SA_SIGINFO
SIGFPE: [libjvm.so+0xc44740], sa_mask[0]=11111111011111111101111111111110, sa_flags=SA_RESTART|SA_SIGINFO
SIGPIPE: [libjvm.so+0xa93800], sa_mask[0]=11111111011111111101111111111110, sa_flags=SA_RESTART|SA_SIGINFO
SIGXFSZ: [libjvm.so+0xa93800], sa_mask[0]=11111111011111111101111111111110, sa_flags=SA_RESTART|SA_SIGINFO
SIGILL: [libjvm.so+0xc44740], sa_mask[0]=11111111011111111101111111111110, sa_flags=SA_RESTART|SA_SIGINFO
SIGUSR2: [libjvm.so+0xa93ee0], sa_mask[0]=00100000000000000000000000000000, sa_flags=SA_RESTART|SA_SIGINFO
SIGHUP: [libjvm.so+0xa90920], sa_mask[0]=11111111011111111101111111111110, sa_flags=SA_RESTART|SA_SIGINFO
SIGINT: [libjvm.so+0xa90920], sa_mask[0]=11111111011111111101111111111110, sa_flags=SA_RESTART|SA_SIGINFO
SIGTERM: [libjvm.so+0xa90920], sa_mask[0]=11111111011111111101111111111110, sa_flags=SA_RESTART|SA_SIGINFO
SIGQUIT: [libjvm.so+0xa90920], sa_mask[0]=11111111011111111101111111111110, sa_flags=SA_RESTART|SA_SIGINFO


---------------  S Y S T E M  ---------------

OS:DISTRIB_ID=Ubuntu
DISTRIB_RELEASE=18.04
DISTRIB_CODENAME=bionic
DISTRIB_DESCRIPTION="Ubuntu 18.04.5 LTS"
uname:Linux 4.20.0-042000-generic #201812232030 SMP Mon Dec 24 01:32:58 UTC 2018 x86_64
OS uptime: 13 days 8:46 hours
libc:glibc 2.27 NPTL 2.27 
rlimit (soft/hard): STACK 8192k/infinity , CORE 0k/infinity , NPROC 30982/30982 , NOFILE 1048576/1048576 , AS infinity/infinity , CPU infinity/infinity , DATA infinity/infinity , FSIZE infinity/infinity , MEMLOCK 65536k/65536k
load average:5,44 2,35 1,63

/proc/meminfo:
MemTotal:        7981156 kB
MemFree:          117528 kB
MemAvailable:      16620 kB
Buffers:            2764 kB
Cached:           886976 kB
SwapCached:         1052 kB
Active:          6350008 kB
Inactive:        1212436 kB
Active(anon):    6344188 kB
Inactive(anon):  1203700 kB
Active(file):       5820 kB
Inactive(file):     8736 kB
Unevictable:          64 kB
Mlocked:              64 kB
SwapTotal:        999420 kB
SwapFree:              0 kB
Dirty:                52 kB
Writeback:             0 kB
AnonPages:       6671948 kB
Mapped:            84488 kB
Shmem:            875100 kB
KReclaimable:      59376 kB
Slab:             128472 kB
SReclaimable:      59376 kB
SUnreclaim:        69096 kB
KernelStack:       17312 kB
PageTables:        74768 kB
NFS_Unstable:          0 kB
Bounce:                0 kB
WritebackTmp:          0 kB
CommitLimit:     4989996 kB
Committed_AS:   14923100 kB
VmallocTotal:   34359738367 kB
VmallocUsed:           0 kB
VmallocChunk:          0 kB
Percpu:             3200 kB
HardwareCorrupted:     0 kB
AnonHugePages:         0 kB
ShmemHugePages:        0 kB
ShmemPmdMapped:        0 kB
CmaTotal:              0 kB
CmaFree:               0 kB
HugePages_Total:       0
HugePages_Free:        0
HugePages_Rsvd:        0
HugePages_Surp:        0
Hugepagesize:       2048 kB
Hugetlb:               0 kB
DirectMap4k:      416508 kB
DirectMap2M:     7786496 kB

/sys/kernel/mm/transparent_hugepage/enabled:
always [madvise] never

/sys/kernel/mm/transparent_hugepage/defrag (defrag/compaction efforts parameter):
always defer defer+madvise [madvise] never


/proc/sys/kernel/threads-max (system-wide limit on the number of threads):
61965


/proc/sys/vm/max_map_count (maximum number of memory map areas a process may have):
65530


/proc/sys/kernel/pid_max (system-wide limit on number of process identifiers):
32768



container (cgroup) information:
container_type: cgroupv1
cpu_cpuset_cpus: 0-1
cpu_memory_nodes: 0
active_processor_count: 2
cpu_quota: -1
cpu_period: 100000
cpu_shares: -1
memory_limit_in_bytes: -1
memory_and_swap_limit_in_bytes: -2
memory_soft_limit_in_bytes: -1
memory_usage_in_bytes: 7741636608
memory_max_usage_in_bytes: 91451392

Steal ticks since vm start: 0
Steal ticks percentage since vm start:  0,000

CPU:total 2 (initial active 2) (2 cores per cpu, 1 threads per core) family 6 model 58 stepping 9, cmov, cx8, fxsr, mmx, sse, sse2, sse3, ssse3, sse4.1, sse4.2, popcnt, clmul, erms, tsc, tscinvbit, tscinv
CPU Model and flags from /proc/cpuinfo:
model name	: Intel(R) Celeron(R) CPU 1005M @ 1.90GHz
flags		: fpu vme de pse tsc msr pae mce cx8 apic sep mtrr pge mca cmov pat pse36 clflush dts acpi mmx fxsr sse sse2 ss ht tm pbe syscall nx rdtscp lm constant_tsc arch_perfmon pebs bts rep_good nopl xtopology nonstop_tsc cpuid aperfmperf pni pclmulqdq dtes64 monitor ds_cpl vmx est tm2 ssse3 cx16 xtpr pdcm pcid sse4_1 sse4_2 x2apic popcnt tsc_deadline_timer xsave lahf_lm cpuid_fault epb pti ssbd ibrs ibpb stibp tpr_shadow vnmi flexpriority ept vpid fsgsbase smep erms xsaveopt dtherm arat pln pts flush_l1d

Memory: 4k page, physical 7981156k(115480k free), swap 999420k(0k free)

vm_info: OpenJDK 64-Bit Server VM (11.0.8+0-b944-6842174) for linux-amd64 JRE (11.0.8+0-b944-6842174), built on Sep 16 2020 23:33:28 by "androidbuild" with gcc 4.2.1 Compatible Android (5484270 based on r353983c) Clang 9.0.3 (https://android.googlesource.com/toolchain/clang 745b335211bb9eadfa6aa6301f84715cee4b37c5) (https://android.googlesource.com/toolchain/llvm 60cf23e54e46c807513f7a36d0a7b777920b5881)

END.
